[2020-10-26 08:29:32] local.ERROR: Class 'App\Providers\AppServiceProvider' not found {"exception":"[object] (Error(code: 0): Class 'App\\Providers\\AppServiceProvider' not found at /Applications/MAMP/htdocs/bookimaki2/vendor/laravel/lumen-framework/src/Application.php:223)
[stacktrace]
#0 /Applications/MAMP/htdocs/bookimaki2/bootstrap/app.php(102): Laravel\\Lumen\\Application->register('App\\\\Providers\\\\A...')
#1 /Applications/MAMP/htdocs/bookimaki2/artisan(18): require('/Applications/M...')
#2 {main}
"} 
[2020-10-26 22:15:04] local.ERROR: Target class [App\Http\Controllers\UserController] does not exist. {"exception":"[object] (Illuminate\\Contracts\\Container\\BindingResolutionException(code: 0): Target class [App\\Http\\Controllers\\UserController] does not exist. at /Applications/MAMP/htdocs/bookimaki2/vendor/illuminate/container/Container.php:811)
[stacktrace]
#0 /Applications/MAMP/htdocs/bookimaki2/vendor/illuminate/container/Container.php(691): Illuminate\\Container\\Container->build('App\\\\Http\\\\Contro...')
#1 /Applications/MAMP/htdocs/bookimaki2/vendor/illuminate/container/Container.php(637): Illuminate\\Container\\Container->resolve('App\\\\Http\\\\Contro...', Array)
#2 /Applications/MAMP/htdocs/bookimaki2/vendor/laravel/lumen-framework/src/Application.php(300): Illuminate\\Container\\Container->make('App\\\\Http\\\\Contro...', Array)
#3 /Applications/MAMP/htdocs/bookimaki2/vendor/laravel/lumen-framework/src/Concerns/RoutesRequests.php(321): Laravel\\Lumen\\Application->make('App\\\\Http\\\\Contro...')
#4 /Applications/MAMP/htdocs/bookimaki2/vendor/laravel/lumen-framework/src/Concerns/RoutesRequests.php(279): Laravel\\Lumen\\Application->callControllerAction(Array)
#5 /Applications/MAMP/htdocs/bookimaki2/vendor/laravel/lumen-framework/src/Concerns/RoutesRequests.php(264): Laravel\\Lumen\\Application->callActionOnArrayBasedRoute(Array)
#6 /Applications/MAMP/htdocs/bookimaki2/vendor/laravel/lumen-framework/src/Concerns/RoutesRequests.php(166): Laravel\\Lumen\\Application->handleFoundRoute(Array)
#7 [internal function]: Laravel\\Lumen\\Application->Laravel\\Lumen\\Concerns\\{closure}(Object(Laravel\\Lumen\\Http\\Request))
#8 /Applications/MAMP/htdocs/bookimaki2/vendor/laravel/lumen-framework/src/Routing/Pipeline.php(48): call_user_func(Object(Closure), Object(Laravel\\Lumen\\Http\\Request))
#9 /Applications/MAMP/htdocs/bookimaki2/app/Http/Middleware/CorsMiddleware.php(34): Laravel\\Lumen\\Routing\\Pipeline->Laravel\\Lumen\\Routing\\{closure}(Object(Laravel\\Lumen\\Http\\Request))
#10 /Applications/MAMP/htdocs/bookimaki2/vendor/illuminate/pipeline/Pipeline.php(167): App\\Http\\Middleware\\CorsMiddleware->handle(Object(Laravel\\Lumen\\Http\\Request), Object(Closure))
#11 [internal function]: Illuminate\\Pipeline\\Pipeline->Illuminate\\Pipeline\\{closure}(Object(Laravel\\Lumen\\Http\\Request))
#12 /Applications/MAMP/htdocs/bookimaki2/vendor/laravel/lumen-framework/src/Routing/Pipeline.php(30): call_user_func(Object(Closure), Object(Laravel\\Lumen\\Http\\Request))
#13 /Applications/MAMP/htdocs/bookimaki2/vendor/illuminate/pipeline/Pipeline.php(103): Laravel\\Lumen\\Routing\\Pipeline->Laravel\\Lumen\\Routing\\{closure}(Object(Laravel\\Lumen\\Http\\Request))
#14 /Applications/MAMP/htdocs/bookimaki2/vendor/laravel/lumen-framework/src/Concerns/RoutesRequests.php(423): Illuminate\\Pipeline\\Pipeline->then(Object(Closure))
#15 /Applications/MAMP/htdocs/bookimaki2/vendor/laravel/lumen-framework/src/Concerns/RoutesRequests.php(172): Laravel\\Lumen\\Application->sendThroughPipeline(Array, Object(Closure))
#16 /Applications/MAMP/htdocs/bookimaki2/vendor/laravel/lumen-framework/src/Concerns/RoutesRequests.php(109): Laravel\\Lumen\\Application->dispatch(NULL)
#17 /Applications/MAMP/htdocs/bookimaki2/public/index.php(28): Laravel\\Lumen\\Application->run()
#18 {main}

[previous exception] [object] (ReflectionException(code: -1): Class App\\Http\\Controllers\\UserController does not exist at /Applications/MAMP/htdocs/bookimaki2/vendor/illuminate/container/Container.php:809)
[stacktrace]
#0 /Applications/MAMP/htdocs/bookimaki2/vendor/illuminate/container/Container.php(809): ReflectionClass->__construct('App\\\\Http\\\\Contro...')
#1 /Applications/MAMP/htdocs/bookimaki2/vendor/illuminate/container/Container.php(691): Illuminate\\Container\\Container->build('App\\\\Http\\\\Contro...')
#2 /Applications/MAMP/htdocs/bookimaki2/vendor/illuminate/container/Container.php(637): Illuminate\\Container\\Container->resolve('App\\\\Http\\\\Contro...', Array)
#3 /Applications/MAMP/htdocs/bookimaki2/vendor/laravel/lumen-framework/src/Application.php(300): Illuminate\\Container\\Container->make('App\\\\Http\\\\Contro...', Array)
#4 /Applications/MAMP/htdocs/bookimaki2/vendor/laravel/lumen-framework/src/Concerns/RoutesRequests.php(321): Laravel\\Lumen\\Application->make('App\\\\Http\\\\Contro...')
#5 /Applications/MAMP/htdocs/bookimaki2/vendor/laravel/lumen-framework/src/Concerns/RoutesRequests.php(279): Laravel\\Lumen\\Application->callControllerAction(Array)
#6 /Applications/MAMP/htdocs/bookimaki2/vendor/laravel/lumen-framework/src/Concerns/RoutesRequests.php(264): Laravel\\Lumen\\Application->callActionOnArrayBasedRoute(Array)
#7 /Applications/MAMP/htdocs/bookimaki2/vendor/laravel/lumen-framework/src/Concerns/RoutesRequests.php(166): Laravel\\Lumen\\Application->handleFoundRoute(Array)
#8 [internal function]: Laravel\\Lumen\\Application->Laravel\\Lumen\\Concerns\\{closure}(Object(Laravel\\Lumen\\Http\\Request))
#9 /Applications/MAMP/htdocs/bookimaki2/vendor/laravel/lumen-framework/src/Routing/Pipeline.php(48): call_user_func(Object(Closure), Object(Laravel\\Lumen\\Http\\Request))
#10 /Applications/MAMP/htdocs/bookimaki2/app/Http/Middleware/CorsMiddleware.php(34): Laravel\\Lumen\\Routing\\Pipeline->Laravel\\Lumen\\Routing\\{closure}(Object(Laravel\\Lumen\\Http\\Request))
#11 /Applications/MAMP/htdocs/bookimaki2/vendor/illuminate/pipeline/Pipeline.php(167): App\\Http\\Middleware\\CorsMiddleware->handle(Object(Laravel\\Lumen\\Http\\Request), Object(Closure))
#12 [internal function]: Illuminate\\Pipeline\\Pipeline->Illuminate\\Pipeline\\{closure}(Object(Laravel\\Lumen\\Http\\Request))
#13 /Applications/MAMP/htdocs/bookimaki2/vendor/laravel/lumen-framework/src/Routing/Pipeline.php(30): call_user_func(Object(Closure), Object(Laravel\\Lumen\\Http\\Request))
#14 /Applications/MAMP/htdocs/bookimaki2/vendor/illuminate/pipeline/Pipeline.php(103): Laravel\\Lumen\\Routing\\Pipeline->Laravel\\Lumen\\Routing\\{closure}(Object(Laravel\\Lumen\\Http\\Request))
#15 /Applications/MAMP/htdocs/bookimaki2/vendor/laravel/lumen-framework/src/Concerns/RoutesRequests.php(423): Illuminate\\Pipeline\\Pipeline->then(Object(Closure))
#16 /Applications/MAMP/htdocs/bookimaki2/vendor/laravel/lumen-framework/src/Concerns/RoutesRequests.php(172): Laravel\\Lumen\\Application->sendThroughPipeline(Array, Object(Closure))
#17 /Applications/MAMP/htdocs/bookimaki2/vendor/laravel/lumen-framework/src/Concerns/RoutesRequests.php(109): Laravel\\Lumen\\Application->dispatch(NULL)
#18 /Applications/MAMP/htdocs/bookimaki2/public/index.php(28): Laravel\\Lumen\\Application->run()
#19 {main}
"} 
[2020-10-26 22:15:18] local.ERROR: Target class [App\Http\Controllers\UserController] does not exist. {"exception":"[object] (Illuminate\\Contracts\\Container\\BindingResolutionException(code: 0): Target class [App\\Http\\Controllers\\UserController] does not exist. at /Applications/MAMP/htdocs/bookimaki2/vendor/illuminate/container/Container.php:811)
[stacktrace]
#0 /Applications/MAMP/htdocs/bookimaki2/vendor/illuminate/container/Container.php(691): Illuminate\\Container\\Container->build('App\\\\Http\\\\Contro...')
#1 /Applications/MAMP/htdocs/bookimaki2/vendor/illuminate/container/Container.php(637): Illuminate\\Container\\Container->resolve('App\\\\Http\\\\Contro...', Array)
#2 /Applications/MAMP/htdocs/bookimaki2/vendor/laravel/lumen-framework/src/Application.php(300): Illuminate\\Container\\Container->make('App\\\\Http\\\\Contro...', Array)
#3 /Applications/MAMP/htdocs/bookimaki2/vendor/laravel/lumen-framework/src/Concerns/RoutesRequests.php(321): Laravel\\Lumen\\Application->make('App\\\\Http\\\\Contro...')
#4 /Applications/MAMP/htdocs/bookimaki2/vendor/laravel/lumen-framework/src/Concerns/RoutesRequests.php(279): Laravel\\Lumen\\Application->callControllerAction(Array)
#5 /Applications/MAMP/htdocs/bookimaki2/vendor/laravel/lumen-framework/src/Concerns/RoutesRequests.php(264): Laravel\\Lumen\\Application->callActionOnArrayBasedRoute(Array)
#6 /Applications/MAMP/htdocs/bookimaki2/vendor/laravel/lumen-framework/src/Concerns/RoutesRequests.php(166): Laravel\\Lumen\\Application->handleFoundRoute(Array)
#7 [internal function]: Laravel\\Lumen\\Application->Laravel\\Lumen\\Concerns\\{closure}(Object(Laravel\\Lumen\\Http\\Request))
#8 /Applications/MAMP/htdocs/bookimaki2/vendor/laravel/lumen-framework/src/Routing/Pipeline.php(48): call_user_func(Object(Closure), Object(Laravel\\Lumen\\Http\\Request))
#9 /Applications/MAMP/htdocs/bookimaki2/app/Http/Middleware/CorsMiddleware.php(34): Laravel\\Lumen\\Routing\\Pipeline->Laravel\\Lumen\\Routing\\{closure}(Object(Laravel\\Lumen\\Http\\Request))
#10 /Applications/MAMP/htdocs/bookimaki2/vendor/illuminate/pipeline/Pipeline.php(167): App\\Http\\Middleware\\CorsMiddleware->handle(Object(Laravel\\Lumen\\Http\\Request), Object(Closure))
#11 [internal function]: Illuminate\\Pipeline\\Pipeline->Illuminate\\Pipeline\\{closure}(Object(Laravel\\Lumen\\Http\\Request))
#12 /Applications/MAMP/htdocs/bookimaki2/vendor/laravel/lumen-framework/src/Routing/Pipeline.php(30): call_user_func(Object(Closure), Object(Laravel\\Lumen\\Http\\Request))
#13 /Applications/MAMP/htdocs/bookimaki2/vendor/illuminate/pipeline/Pipeline.php(103): Laravel\\Lumen\\Routing\\Pipeline->Laravel\\Lumen\\Routing\\{closure}(Object(Laravel\\Lumen\\Http\\Request))
#14 /Applications/MAMP/htdocs/bookimaki2/vendor/laravel/lumen-framework/src/Concerns/RoutesRequests.php(423): Illuminate\\Pipeline\\Pipeline->then(Object(Closure))
#15 /Applications/MAMP/htdocs/bookimaki2/vendor/laravel/lumen-framework/src/Concerns/RoutesRequests.php(172): Laravel\\Lumen\\Application->sendThroughPipeline(Array, Object(Closure))
#16 /Applications/MAMP/htdocs/bookimaki2/vendor/laravel/lumen-framework/src/Concerns/RoutesRequests.php(109): Laravel\\Lumen\\Application->dispatch(NULL)
#17 /Applications/MAMP/htdocs/bookimaki2/public/index.php(28): Laravel\\Lumen\\Application->run()
#18 {main}

[previous exception] [object] (ReflectionException(code: -1): Class App\\Http\\Controllers\\UserController does not exist at /Applications/MAMP/htdocs/bookimaki2/vendor/illuminate/container/Container.php:809)
[stacktrace]
#0 /Applications/MAMP/htdocs/bookimaki2/vendor/illuminate/container/Container.php(809): ReflectionClass->__construct('App\\\\Http\\\\Contro...')
#1 /Applications/MAMP/htdocs/bookimaki2/vendor/illuminate/container/Container.php(691): Illuminate\\Container\\Container->build('App\\\\Http\\\\Contro...')
#2 /Applications/MAMP/htdocs/bookimaki2/vendor/illuminate/container/Container.php(637): Illuminate\\Container\\Container->resolve('App\\\\Http\\\\Contro...', Array)
#3 /Applications/MAMP/htdocs/bookimaki2/vendor/laravel/lumen-framework/src/Application.php(300): Illuminate\\Container\\Container->make('App\\\\Http\\\\Contro...', Array)
#4 /Applications/MAMP/htdocs/bookimaki2/vendor/laravel/lumen-framework/src/Concerns/RoutesRequests.php(321): Laravel\\Lumen\\Application->make('App\\\\Http\\\\Contro...')
#5 /Applications/MAMP/htdocs/bookimaki2/vendor/laravel/lumen-framework/src/Concerns/RoutesRequests.php(279): Laravel\\Lumen\\Application->callControllerAction(Array)
#6 /Applications/MAMP/htdocs/bookimaki2/vendor/laravel/lumen-framework/src/Concerns/RoutesRequests.php(264): Laravel\\Lumen\\Application->callActionOnArrayBasedRoute(Array)
#7 /Applications/MAMP/htdocs/bookimaki2/vendor/laravel/lumen-framework/src/Concerns/RoutesRequests.php(166): Laravel\\Lumen\\Application->handleFoundRoute(Array)
#8 [internal function]: Laravel\\Lumen\\Application->Laravel\\Lumen\\Concerns\\{closure}(Object(Laravel\\Lumen\\Http\\Request))
#9 /Applications/MAMP/htdocs/bookimaki2/vendor/laravel/lumen-framework/src/Routing/Pipeline.php(48): call_user_func(Object(Closure), Object(Laravel\\Lumen\\Http\\Request))
#10 /Applications/MAMP/htdocs/bookimaki2/app/Http/Middleware/CorsMiddleware.php(34): Laravel\\Lumen\\Routing\\Pipeline->Laravel\\Lumen\\Routing\\{closure}(Object(Laravel\\Lumen\\Http\\Request))
#11 /Applications/MAMP/htdocs/bookimaki2/vendor/illuminate/pipeline/Pipeline.php(167): App\\Http\\Middleware\\CorsMiddleware->handle(Object(Laravel\\Lumen\\Http\\Request), Object(Closure))
#12 [internal function]: Illuminate\\Pipeline\\Pipeline->Illuminate\\Pipeline\\{closure}(Object(Laravel\\Lumen\\Http\\Request))
#13 /Applications/MAMP/htdocs/bookimaki2/vendor/laravel/lumen-framework/src/Routing/Pipeline.php(30): call_user_func(Object(Closure), Object(Laravel\\Lumen\\Http\\Request))
#14 /Applications/MAMP/htdocs/bookimaki2/vendor/illuminate/pipeline/Pipeline.php(103): Laravel\\Lumen\\Routing\\Pipeline->Laravel\\Lumen\\Routing\\{closure}(Object(Laravel\\Lumen\\Http\\Request))
#15 /Applications/MAMP/htdocs/bookimaki2/vendor/laravel/lumen-framework/src/Concerns/RoutesRequests.php(423): Illuminate\\Pipeline\\Pipeline->then(Object(Closure))
#16 /Applications/MAMP/htdocs/bookimaki2/vendor/laravel/lumen-framework/src/Concerns/RoutesRequests.php(172): Laravel\\Lumen\\Application->sendThroughPipeline(Array, Object(Closure))
#17 /Applications/MAMP/htdocs/bookimaki2/vendor/laravel/lumen-framework/src/Concerns/RoutesRequests.php(109): Laravel\\Lumen\\Application->dispatch(NULL)
#18 /Applications/MAMP/htdocs/bookimaki2/public/index.php(28): Laravel\\Lumen\\Application->run()
#19 {main}
"} 
[2020-10-26 22:16:15] local.ERROR: Target class [App\Http\Controllers\UserController] does not exist. {"exception":"[object] (Illuminate\\Contracts\\Container\\BindingResolutionException(code: 0): Target class [App\\Http\\Controllers\\UserController] does not exist. at /Applications/MAMP/htdocs/bookimaki2/vendor/illuminate/container/Container.php:811)
[stacktrace]
#0 /Applications/MAMP/htdocs/bookimaki2/vendor/illuminate/container/Container.php(691): Illuminate\\Container\\Container->build('App\\\\Http\\\\Contro...')
#1 /Applications/MAMP/htdocs/bookimaki2/vendor/illuminate/container/Container.php(637): Illuminate\\Container\\Container->resolve('App\\\\Http\\\\Contro...', Array)
#2 /Applications/MAMP/htdocs/bookimaki2/vendor/laravel/lumen-framework/src/Application.php(300): Illuminate\\Container\\Container->make('App\\\\Http\\\\Contro...', Array)
#3 /Applications/MAMP/htdocs/bookimaki2/vendor/laravel/lumen-framework/src/Concerns/RoutesRequests.php(321): Laravel\\Lumen\\Application->make('App\\\\Http\\\\Contro...')
#4 /Applications/MAMP/htdocs/bookimaki2/vendor/laravel/lumen-framework/src/Concerns/RoutesRequests.php(279): Laravel\\Lumen\\Application->callControllerAction(Array)
#5 /Applications/MAMP/htdocs/bookimaki2/vendor/laravel/lumen-framework/src/Concerns/RoutesRequests.php(264): Laravel\\Lumen\\Application->callActionOnArrayBasedRoute(Array)
#6 /Applications/MAMP/htdocs/bookimaki2/vendor/laravel/lumen-framework/src/Concerns/RoutesRequests.php(166): Laravel\\Lumen\\Application->handleFoundRoute(Array)
#7 [internal function]: Laravel\\Lumen\\Application->Laravel\\Lumen\\Concerns\\{closure}(Object(Laravel\\Lumen\\Http\\Request))
#8 /Applications/MAMP/htdocs/bookimaki2/vendor/laravel/lumen-framework/src/Routing/Pipeline.php(48): call_user_func(Object(Closure), Object(Laravel\\Lumen\\Http\\Request))
#9 /Applications/MAMP/htdocs/bookimaki2/app/Http/Middleware/CorsMiddleware.php(34): Laravel\\Lumen\\Routing\\Pipeline->Laravel\\Lumen\\Routing\\{closure}(Object(Laravel\\Lumen\\Http\\Request))
#10 /Applications/MAMP/htdocs/bookimaki2/vendor/illuminate/pipeline/Pipeline.php(167): App\\Http\\Middleware\\CorsMiddleware->handle(Object(Laravel\\Lumen\\Http\\Request), Object(Closure))
#11 [internal function]: Illuminate\\Pipeline\\Pipeline->Illuminate\\Pipeline\\{closure}(Object(Laravel\\Lumen\\Http\\Request))
#12 /Applications/MAMP/htdocs/bookimaki2/vendor/laravel/lumen-framework/src/Routing/Pipeline.php(30): call_user_func(Object(Closure), Object(Laravel\\Lumen\\Http\\Request))
#13 /Applications/MAMP/htdocs/bookimaki2/vendor/illuminate/pipeline/Pipeline.php(103): Laravel\\Lumen\\Routing\\Pipeline->Laravel\\Lumen\\Routing\\{closure}(Object(Laravel\\Lumen\\Http\\Request))
#14 /Applications/MAMP/htdocs/bookimaki2/vendor/laravel/lumen-framework/src/Concerns/RoutesRequests.php(423): Illuminate\\Pipeline\\Pipeline->then(Object(Closure))
#15 /Applications/MAMP/htdocs/bookimaki2/vendor/laravel/lumen-framework/src/Concerns/RoutesRequests.php(172): Laravel\\Lumen\\Application->sendThroughPipeline(Array, Object(Closure))
#16 /Applications/MAMP/htdocs/bookimaki2/vendor/laravel/lumen-framework/src/Concerns/RoutesRequests.php(109): Laravel\\Lumen\\Application->dispatch(NULL)
#17 /Applications/MAMP/htdocs/bookimaki2/public/index.php(28): Laravel\\Lumen\\Application->run()
#18 {main}

[previous exception] [object] (ReflectionException(code: -1): Class App\\Http\\Controllers\\UserController does not exist at /Applications/MAMP/htdocs/bookimaki2/vendor/illuminate/container/Container.php:809)
[stacktrace]
#0 /Applications/MAMP/htdocs/bookimaki2/vendor/illuminate/container/Container.php(809): ReflectionClass->__construct('App\\\\Http\\\\Contro...')
#1 /Applications/MAMP/htdocs/bookimaki2/vendor/illuminate/container/Container.php(691): Illuminate\\Container\\Container->build('App\\\\Http\\\\Contro...')
#2 /Applications/MAMP/htdocs/bookimaki2/vendor/illuminate/container/Container.php(637): Illuminate\\Container\\Container->resolve('App\\\\Http\\\\Contro...', Array)
#3 /Applications/MAMP/htdocs/bookimaki2/vendor/laravel/lumen-framework/src/Application.php(300): Illuminate\\Container\\Container->make('App\\\\Http\\\\Contro...', Array)
#4 /Applications/MAMP/htdocs/bookimaki2/vendor/laravel/lumen-framework/src/Concerns/RoutesRequests.php(321): Laravel\\Lumen\\Application->make('App\\\\Http\\\\Contro...')
#5 /Applications/MAMP/htdocs/bookimaki2/vendor/laravel/lumen-framework/src/Concerns/RoutesRequests.php(279): Laravel\\Lumen\\Application->callControllerAction(Array)
#6 /Applications/MAMP/htdocs/bookimaki2/vendor/laravel/lumen-framework/src/Concerns/RoutesRequests.php(264): Laravel\\Lumen\\Application->callActionOnArrayBasedRoute(Array)
#7 /Applications/MAMP/htdocs/bookimaki2/vendor/laravel/lumen-framework/src/Concerns/RoutesRequests.php(166): Laravel\\Lumen\\Application->handleFoundRoute(Array)
#8 [internal function]: Laravel\\Lumen\\Application->Laravel\\Lumen\\Concerns\\{closure}(Object(Laravel\\Lumen\\Http\\Request))
#9 /Applications/MAMP/htdocs/bookimaki2/vendor/laravel/lumen-framework/src/Routing/Pipeline.php(48): call_user_func(Object(Closure), Object(Laravel\\Lumen\\Http\\Request))
#10 /Applications/MAMP/htdocs/bookimaki2/app/Http/Middleware/CorsMiddleware.php(34): Laravel\\Lumen\\Routing\\Pipeline->Laravel\\Lumen\\Routing\\{closure}(Object(Laravel\\Lumen\\Http\\Request))
#11 /Applications/MAMP/htdocs/bookimaki2/vendor/illuminate/pipeline/Pipeline.php(167): App\\Http\\Middleware\\CorsMiddleware->handle(Object(Laravel\\Lumen\\Http\\Request), Object(Closure))
#12 [internal function]: Illuminate\\Pipeline\\Pipeline->Illuminate\\Pipeline\\{closure}(Object(Laravel\\Lumen\\Http\\Request))
#13 /Applications/MAMP/htdocs/bookimaki2/vendor/laravel/lumen-framework/src/Routing/Pipeline.php(30): call_user_func(Object(Closure), Object(Laravel\\Lumen\\Http\\Request))
#14 /Applications/MAMP/htdocs/bookimaki2/vendor/illuminate/pipeline/Pipeline.php(103): Laravel\\Lumen\\Routing\\Pipeline->Laravel\\Lumen\\Routing\\{closure}(Object(Laravel\\Lumen\\Http\\Request))
#15 /Applications/MAMP/htdocs/bookimaki2/vendor/laravel/lumen-framework/src/Concerns/RoutesRequests.php(423): Illuminate\\Pipeline\\Pipeline->then(Object(Closure))
#16 /Applications/MAMP/htdocs/bookimaki2/vendor/laravel/lumen-framework/src/Concerns/RoutesRequests.php(172): Laravel\\Lumen\\Application->sendThroughPipeline(Array, Object(Closure))
#17 /Applications/MAMP/htdocs/bookimaki2/vendor/laravel/lumen-framework/src/Concerns/RoutesRequests.php(109): Laravel\\Lumen\\Application->dispatch(NULL)
#18 /Applications/MAMP/htdocs/bookimaki2/public/index.php(28): Laravel\\Lumen\\Application->run()
#19 {main}
"} 
