[2020-10-25 08:23:58] local.ERROR: Class 'App\Http\Controllers\Auth' not found {"exception":"[object] (Error(code: 0): Class 'App\\Http\\Controllers\\Auth' not found at /Applications/MAMP/htdocs/bookimaki2/app/Http/Controllers/BookmarkController.php:28)
[stacktrace]
#0 /Applications/MAMP/htdocs/bookimaki2/vendor/illuminate/container/BoundMethod.php(36): App\\Http\\Controllers\\BookmarkController->index(Object(Laravel\\Lumen\\Http\\Request))
#1 /Applications/MAMP/htdocs/bookimaki2/vendor/illuminate/container/Util.php(40): Illuminate\\Container\\BoundMethod::Illuminate\\Container\\{closure}()
#2 /Applications/MAMP/htdocs/bookimaki2/vendor/illuminate/container/BoundMethod.php(93): Illuminate\\Container\\Util::unwrapIfClosure(Object(Closure))
#3 /Applications/MAMP/htdocs/bookimaki2/vendor/illuminate/container/BoundMethod.php(37): Illuminate\\Container\\BoundMethod::callBoundMethod(Object(Laravel\\Lumen\\Application), Array, Object(Closure))
#4 /Applications/MAMP/htdocs/bookimaki2/vendor/illuminate/container/Container.php(596): Illuminate\\Container\\BoundMethod::call(Object(Laravel\\Lumen\\Application), Array, Array, NULL)
#5 /Applications/MAMP/htdocs/bookimaki2/vendor/laravel/lumen-framework/src/Concerns/RoutesRequests.php(386): Illuminate\\Container\\Container->call(Array, Array)
#6 /Applications/MAMP/htdocs/bookimaki2/vendor/laravel/lumen-framework/src/Concerns/RoutesRequests.php(371): Laravel\\Lumen\\Application->callControllerCallable(Array, Array)
#7 [internal function]: Laravel\\Lumen\\Application->Laravel\\Lumen\\Concerns\\{closure}(Object(Laravel\\Lumen\\Http\\Request))
#8 /Applications/MAMP/htdocs/bookimaki2/vendor/laravel/lumen-framework/src/Routing/Pipeline.php(48): call_user_func(Object(Closure), Object(Laravel\\Lumen\\Http\\Request))
#9 /Applications/MAMP/htdocs/bookimaki2/app/Http/Middleware/Authenticate.php(42): Laravel\\Lumen\\Routing\\Pipeline->Laravel\\Lumen\\Routing\\{closure}(Object(Laravel\\Lumen\\Http\\Request))
#10 /Applications/MAMP/htdocs/bookimaki2/vendor/illuminate/pipeline/Pipeline.php(167): App\\Http\\Middleware\\Authenticate->handle(Object(Laravel\\Lumen\\Http\\Request), Object(Closure))
#11 [internal function]: Illuminate\\Pipeline\\Pipeline->Illuminate\\Pipeline\\{closure}(Object(Laravel\\Lumen\\Http\\Request))
#12 /Applications/MAMP/htdocs/bookimaki2/vendor/laravel/lumen-framework/src/Routing/Pipeline.php(30): call_user_func(Object(Closure), Object(Laravel\\Lumen\\Http\\Request))
#13 /Applications/MAMP/htdocs/bookimaki2/vendor/illuminate/pipeline/Pipeline.php(103): Laravel\\Lumen\\Routing\\Pipeline->Laravel\\Lumen\\Routing\\{closure}(Object(Laravel\\Lumen\\Http\\Request))
#14 /Applications/MAMP/htdocs/bookimaki2/vendor/laravel/lumen-framework/src/Concerns/RoutesRequests.php(423): Illuminate\\Pipeline\\Pipeline->then(Object(Closure))
#15 /Applications/MAMP/htdocs/bookimaki2/vendor/laravel/lumen-framework/src/Concerns/RoutesRequests.php(372): Laravel\\Lumen\\Application->sendThroughPipeline(Array, Object(Closure))
#16 /Applications/MAMP/htdocs/bookimaki2/vendor/laravel/lumen-framework/src/Concerns/RoutesRequests.php(348): Laravel\\Lumen\\Application->callLumenControllerWithMiddleware(Object(App\\Http\\Controllers\\BookmarkController), 'index', Array, Array)
#17 /Applications/MAMP/htdocs/bookimaki2/vendor/laravel/lumen-framework/src/Concerns/RoutesRequests.php(326): Laravel\\Lumen\\Application->callLumenController(Object(App\\Http\\Controllers\\BookmarkController), 'index', Array)
#18 /Applications/MAMP/htdocs/bookimaki2/vendor/laravel/lumen-framework/src/Concerns/RoutesRequests.php(279): Laravel\\Lumen\\Application->callControllerAction(Array)
#19 /Applications/MAMP/htdocs/bookimaki2/vendor/laravel/lumen-framework/src/Concerns/RoutesRequests.php(264): Laravel\\Lumen\\Application->callActionOnArrayBasedRoute(Array)
#20 /Applications/MAMP/htdocs/bookimaki2/vendor/laravel/lumen-framework/src/Concerns/RoutesRequests.php(166): Laravel\\Lumen\\Application->handleFoundRoute(Array)
#21 /Applications/MAMP/htdocs/bookimaki2/vendor/laravel/lumen-framework/src/Concerns/RoutesRequests.php(426): Laravel\\Lumen\\Application->Laravel\\Lumen\\Concerns\\{closure}(Object(Laravel\\Lumen\\Http\\Request))
#22 /Applications/MAMP/htdocs/bookimaki2/vendor/laravel/lumen-framework/src/Concerns/RoutesRequests.php(172): Laravel\\Lumen\\Application->sendThroughPipeline(Array, Object(Closure))
#23 /Applications/MAMP/htdocs/bookimaki2/vendor/laravel/lumen-framework/src/Concerns/RoutesRequests.php(109): Laravel\\Lumen\\Application->dispatch(NULL)
#24 /Applications/MAMP/htdocs/bookimaki2/public/index.php(28): Laravel\\Lumen\\Application->run()
#25 {main}
"} 
[2020-10-25 08:26:17] local.ERROR: Method Illuminate\Database\Eloquent\Collection::paginate does not exist. {"exception":"[object] (BadMethodCallException(code: 0): Method Illuminate\\Database\\Eloquent\\Collection::paginate does not exist. at /Applications/MAMP/htdocs/bookimaki2/vendor/illuminate/macroable/Traits/Macroable.php:103)
[stacktrace]
#0 /Applications/MAMP/htdocs/bookimaki2/app/Http/Controllers/BookmarkController.php(29): Illuminate\\Support\\Collection->__call('paginate', Array)
#1 /Applications/MAMP/htdocs/bookimaki2/vendor/illuminate/container/BoundMethod.php(36): App\\Http\\Controllers\\BookmarkController->index(Object(Laravel\\Lumen\\Http\\Request))
#2 /Applications/MAMP/htdocs/bookimaki2/vendor/illuminate/container/Util.php(40): Illuminate\\Container\\BoundMethod::Illuminate\\Container\\{closure}()
#3 /Applications/MAMP/htdocs/bookimaki2/vendor/illuminate/container/BoundMethod.php(93): Illuminate\\Container\\Util::unwrapIfClosure(Object(Closure))
#4 /Applications/MAMP/htdocs/bookimaki2/vendor/illuminate/container/BoundMethod.php(37): Illuminate\\Container\\BoundMethod::callBoundMethod(Object(Laravel\\Lumen\\Application), Array, Object(Closure))
#5 /Applications/MAMP/htdocs/bookimaki2/vendor/illuminate/container/Container.php(596): Illuminate\\Container\\BoundMethod::call(Object(Laravel\\Lumen\\Application), Array, Array, NULL)
#6 /Applications/MAMP/htdocs/bookimaki2/vendor/laravel/lumen-framework/src/Concerns/RoutesRequests.php(386): Illuminate\\Container\\Container->call(Array, Array)
#7 /Applications/MAMP/htdocs/bookimaki2/vendor/laravel/lumen-framework/src/Concerns/RoutesRequests.php(371): Laravel\\Lumen\\Application->callControllerCallable(Array, Array)
#8 [internal function]: Laravel\\Lumen\\Application->Laravel\\Lumen\\Concerns\\{closure}(Object(Laravel\\Lumen\\Http\\Request))
#9 /Applications/MAMP/htdocs/bookimaki2/vendor/laravel/lumen-framework/src/Routing/Pipeline.php(48): call_user_func(Object(Closure), Object(Laravel\\Lumen\\Http\\Request))
#10 /Applications/MAMP/htdocs/bookimaki2/app/Http/Middleware/Authenticate.php(42): Laravel\\Lumen\\Routing\\Pipeline->Laravel\\Lumen\\Routing\\{closure}(Object(Laravel\\Lumen\\Http\\Request))
#11 /Applications/MAMP/htdocs/bookimaki2/vendor/illuminate/pipeline/Pipeline.php(167): App\\Http\\Middleware\\Authenticate->handle(Object(Laravel\\Lumen\\Http\\Request), Object(Closure))
#12 [internal function]: Illuminate\\Pipeline\\Pipeline->Illuminate\\Pipeline\\{closure}(Object(Laravel\\Lumen\\Http\\Request))
#13 /Applications/MAMP/htdocs/bookimaki2/vendor/laravel/lumen-framework/src/Routing/Pipeline.php(30): call_user_func(Object(Closure), Object(Laravel\\Lumen\\Http\\Request))
#14 /Applications/MAMP/htdocs/bookimaki2/vendor/illuminate/pipeline/Pipeline.php(103): Laravel\\Lumen\\Routing\\Pipeline->Laravel\\Lumen\\Routing\\{closure}(Object(Laravel\\Lumen\\Http\\Request))
#15 /Applications/MAMP/htdocs/bookimaki2/vendor/laravel/lumen-framework/src/Concerns/RoutesRequests.php(423): Illuminate\\Pipeline\\Pipeline->then(Object(Closure))
#16 /Applications/MAMP/htdocs/bookimaki2/vendor/laravel/lumen-framework/src/Concerns/RoutesRequests.php(372): Laravel\\Lumen\\Application->sendThroughPipeline(Array, Object(Closure))
#17 /Applications/MAMP/htdocs/bookimaki2/vendor/laravel/lumen-framework/src/Concerns/RoutesRequests.php(348): Laravel\\Lumen\\Application->callLumenControllerWithMiddleware(Object(App\\Http\\Controllers\\BookmarkController), 'index', Array, Array)
#18 /Applications/MAMP/htdocs/bookimaki2/vendor/laravel/lumen-framework/src/Concerns/RoutesRequests.php(326): Laravel\\Lumen\\Application->callLumenController(Object(App\\Http\\Controllers\\BookmarkController), 'index', Array)
#19 /Applications/MAMP/htdocs/bookimaki2/vendor/laravel/lumen-framework/src/Concerns/RoutesRequests.php(279): Laravel\\Lumen\\Application->callControllerAction(Array)
#20 /Applications/MAMP/htdocs/bookimaki2/vendor/laravel/lumen-framework/src/Concerns/RoutesRequests.php(264): Laravel\\Lumen\\Application->callActionOnArrayBasedRoute(Array)
#21 /Applications/MAMP/htdocs/bookimaki2/vendor/laravel/lumen-framework/src/Concerns/RoutesRequests.php(166): Laravel\\Lumen\\Application->handleFoundRoute(Array)
#22 /Applications/MAMP/htdocs/bookimaki2/vendor/laravel/lumen-framework/src/Concerns/RoutesRequests.php(426): Laravel\\Lumen\\Application->Laravel\\Lumen\\Concerns\\{closure}(Object(Laravel\\Lumen\\Http\\Request))
#23 /Applications/MAMP/htdocs/bookimaki2/vendor/laravel/lumen-framework/src/Concerns/RoutesRequests.php(172): Laravel\\Lumen\\Application->sendThroughPipeline(Array, Object(Closure))
#24 /Applications/MAMP/htdocs/bookimaki2/vendor/laravel/lumen-framework/src/Concerns/RoutesRequests.php(109): Laravel\\Lumen\\Application->dispatch(NULL)
#25 /Applications/MAMP/htdocs/bookimaki2/public/index.php(28): Laravel\\Lumen\\Application->run()
#26 {main}
"} 
[2020-10-25 08:40:23] local.ERROR: Method Illuminate\Database\Eloquent\Collection::paginate does not exist. {"exception":"[object] (BadMethodCallException(code: 0): Method Illuminate\\Database\\Eloquent\\Collection::paginate does not exist. at /Applications/MAMP/htdocs/bookimaki2/vendor/illuminate/macroable/Traits/Macroable.php:103)
[stacktrace]
#0 /Applications/MAMP/htdocs/bookimaki2/app/Http/Controllers/BookmarkController.php(29): Illuminate\\Support\\Collection->__call('paginate', Array)
#1 /Applications/MAMP/htdocs/bookimaki2/vendor/illuminate/container/BoundMethod.php(36): App\\Http\\Controllers\\BookmarkController->index(Object(Laravel\\Lumen\\Http\\Request))
#2 /Applications/MAMP/htdocs/bookimaki2/vendor/illuminate/container/Util.php(40): Illuminate\\Container\\BoundMethod::Illuminate\\Container\\{closure}()
#3 /Applications/MAMP/htdocs/bookimaki2/vendor/illuminate/container/BoundMethod.php(93): Illuminate\\Container\\Util::unwrapIfClosure(Object(Closure))
#4 /Applications/MAMP/htdocs/bookimaki2/vendor/illuminate/container/BoundMethod.php(37): Illuminate\\Container\\BoundMethod::callBoundMethod(Object(Laravel\\Lumen\\Application), Array, Object(Closure))
#5 /Applications/MAMP/htdocs/bookimaki2/vendor/illuminate/container/Container.php(596): Illuminate\\Container\\BoundMethod::call(Object(Laravel\\Lumen\\Application), Array, Array, NULL)
#6 /Applications/MAMP/htdocs/bookimaki2/vendor/laravel/lumen-framework/src/Concerns/RoutesRequests.php(386): Illuminate\\Container\\Container->call(Array, Array)
#7 /Applications/MAMP/htdocs/bookimaki2/vendor/laravel/lumen-framework/src/Concerns/RoutesRequests.php(371): Laravel\\Lumen\\Application->callControllerCallable(Array, Array)
#8 [internal function]: Laravel\\Lumen\\Application->Laravel\\Lumen\\Concerns\\{closure}(Object(Laravel\\Lumen\\Http\\Request))
#9 /Applications/MAMP/htdocs/bookimaki2/vendor/laravel/lumen-framework/src/Routing/Pipeline.php(48): call_user_func(Object(Closure), Object(Laravel\\Lumen\\Http\\Request))
#10 /Applications/MAMP/htdocs/bookimaki2/app/Http/Middleware/Authenticate.php(42): Laravel\\Lumen\\Routing\\Pipeline->Laravel\\Lumen\\Routing\\{closure}(Object(Laravel\\Lumen\\Http\\Request))
#11 /Applications/MAMP/htdocs/bookimaki2/vendor/illuminate/pipeline/Pipeline.php(167): App\\Http\\Middleware\\Authenticate->handle(Object(Laravel\\Lumen\\Http\\Request), Object(Closure))
#12 [internal function]: Illuminate\\Pipeline\\Pipeline->Illuminate\\Pipeline\\{closure}(Object(Laravel\\Lumen\\Http\\Request))
#13 /Applications/MAMP/htdocs/bookimaki2/vendor/laravel/lumen-framework/src/Routing/Pipeline.php(30): call_user_func(Object(Closure), Object(Laravel\\Lumen\\Http\\Request))
#14 /Applications/MAMP/htdocs/bookimaki2/vendor/illuminate/pipeline/Pipeline.php(103): Laravel\\Lumen\\Routing\\Pipeline->Laravel\\Lumen\\Routing\\{closure}(Object(Laravel\\Lumen\\Http\\Request))
#15 /Applications/MAMP/htdocs/bookimaki2/vendor/laravel/lumen-framework/src/Concerns/RoutesRequests.php(423): Illuminate\\Pipeline\\Pipeline->then(Object(Closure))
#16 /Applications/MAMP/htdocs/bookimaki2/vendor/laravel/lumen-framework/src/Concerns/RoutesRequests.php(372): Laravel\\Lumen\\Application->sendThroughPipeline(Array, Object(Closure))
#17 /Applications/MAMP/htdocs/bookimaki2/vendor/laravel/lumen-framework/src/Concerns/RoutesRequests.php(348): Laravel\\Lumen\\Application->callLumenControllerWithMiddleware(Object(App\\Http\\Controllers\\BookmarkController), 'index', Array, Array)
#18 /Applications/MAMP/htdocs/bookimaki2/vendor/laravel/lumen-framework/src/Concerns/RoutesRequests.php(326): Laravel\\Lumen\\Application->callLumenController(Object(App\\Http\\Controllers\\BookmarkController), 'index', Array)
#19 /Applications/MAMP/htdocs/bookimaki2/vendor/laravel/lumen-framework/src/Concerns/RoutesRequests.php(279): Laravel\\Lumen\\Application->callControllerAction(Array)
#20 /Applications/MAMP/htdocs/bookimaki2/vendor/laravel/lumen-framework/src/Concerns/RoutesRequests.php(264): Laravel\\Lumen\\Application->callActionOnArrayBasedRoute(Array)
#21 /Applications/MAMP/htdocs/bookimaki2/vendor/laravel/lumen-framework/src/Concerns/RoutesRequests.php(166): Laravel\\Lumen\\Application->handleFoundRoute(Array)
#22 /Applications/MAMP/htdocs/bookimaki2/vendor/laravel/lumen-framework/src/Concerns/RoutesRequests.php(426): Laravel\\Lumen\\Application->Laravel\\Lumen\\Concerns\\{closure}(Object(Laravel\\Lumen\\Http\\Request))
#23 /Applications/MAMP/htdocs/bookimaki2/vendor/laravel/lumen-framework/src/Concerns/RoutesRequests.php(172): Laravel\\Lumen\\Application->sendThroughPipeline(Array, Object(Closure))
#24 /Applications/MAMP/htdocs/bookimaki2/vendor/laravel/lumen-framework/src/Concerns/RoutesRequests.php(109): Laravel\\Lumen\\Application->dispatch(NULL)
#25 /Applications/MAMP/htdocs/bookimaki2/public/index.php(28): Laravel\\Lumen\\Application->run()
#26 {main}
"} 
[2020-10-25 10:05:42] local.ERROR: Trait 'App\Traits\SendsPasswordResetEmails' not found {"exception":"[object] (Symfony\\Component\\ErrorHandler\\Error\\FatalError(code: 0): Trait 'App\\Traits\\SendsPasswordResetEmails' not found at /Applications/MAMP/htdocs/bookimaki2/app/Http/Controllers/RequestPasswordController.php:7)
[stacktrace]
#0 {main}
"} 
[2020-10-25 10:12:12] local.ERROR: Method Laravel\Lumen\Http\Request::validate does not exist. {"exception":"[object] (BadMethodCallException(code: 0): Method Laravel\\Lumen\\Http\\Request::validate does not exist. at /Applications/MAMP/htdocs/bookimaki2/vendor/illuminate/macroable/Traits/Macroable.php:103)
[stacktrace]
#0 /Applications/MAMP/htdocs/bookimaki2/app/Traits/SendsPasswordResetEmails.php(50): Illuminate\\Http\\Request->__call('validate', Array)
#1 /Applications/MAMP/htdocs/bookimaki2/app/Traits/SendsPasswordResetEmails.php(28): App\\Http\\Controllers\\RequestPasswordController->validateEmail(Object(Laravel\\Lumen\\Http\\Request))
#2 /Applications/MAMP/htdocs/bookimaki2/vendor/illuminate/container/BoundMethod.php(36): App\\Http\\Controllers\\RequestPasswordController->sendResetLinkEmail(Object(Laravel\\Lumen\\Http\\Request))
#3 /Applications/MAMP/htdocs/bookimaki2/vendor/illuminate/container/Util.php(40): Illuminate\\Container\\BoundMethod::Illuminate\\Container\\{closure}()
#4 /Applications/MAMP/htdocs/bookimaki2/vendor/illuminate/container/BoundMethod.php(93): Illuminate\\Container\\Util::unwrapIfClosure(Object(Closure))
#5 /Applications/MAMP/htdocs/bookimaki2/vendor/illuminate/container/BoundMethod.php(37): Illuminate\\Container\\BoundMethod::callBoundMethod(Object(Laravel\\Lumen\\Application), Array, Object(Closure))
#6 /Applications/MAMP/htdocs/bookimaki2/vendor/illuminate/container/Container.php(596): Illuminate\\Container\\BoundMethod::call(Object(Laravel\\Lumen\\Application), Array, Array, NULL)
#7 /Applications/MAMP/htdocs/bookimaki2/vendor/laravel/lumen-framework/src/Concerns/RoutesRequests.php(386): Illuminate\\Container\\Container->call(Array, Array)
#8 /Applications/MAMP/htdocs/bookimaki2/vendor/laravel/lumen-framework/src/Concerns/RoutesRequests.php(352): Laravel\\Lumen\\Application->callControllerCallable(Array, Array)
#9 /Applications/MAMP/htdocs/bookimaki2/vendor/laravel/lumen-framework/src/Concerns/RoutesRequests.php(326): Laravel\\Lumen\\Application->callLumenController(Object(App\\Http\\Controllers\\RequestPasswordController), 'sendResetLinkEm...', Array)
#10 /Applications/MAMP/htdocs/bookimaki2/vendor/laravel/lumen-framework/src/Concerns/RoutesRequests.php(279): Laravel\\Lumen\\Application->callControllerAction(Array)
#11 /Applications/MAMP/htdocs/bookimaki2/vendor/laravel/lumen-framework/src/Concerns/RoutesRequests.php(264): Laravel\\Lumen\\Application->callActionOnArrayBasedRoute(Array)
#12 /Applications/MAMP/htdocs/bookimaki2/vendor/laravel/lumen-framework/src/Concerns/RoutesRequests.php(166): Laravel\\Lumen\\Application->handleFoundRoute(Array)
#13 /Applications/MAMP/htdocs/bookimaki2/vendor/laravel/lumen-framework/src/Concerns/RoutesRequests.php(426): Laravel\\Lumen\\Application->Laravel\\Lumen\\Concerns\\{closure}(Object(Laravel\\Lumen\\Http\\Request))
#14 /Applications/MAMP/htdocs/bookimaki2/vendor/laravel/lumen-framework/src/Concerns/RoutesRequests.php(172): Laravel\\Lumen\\Application->sendThroughPipeline(Array, Object(Closure))
#15 /Applications/MAMP/htdocs/bookimaki2/vendor/laravel/lumen-framework/src/Concerns/RoutesRequests.php(109): Laravel\\Lumen\\Application->dispatch(NULL)
#16 /Applications/MAMP/htdocs/bookimaki2/public/index.php(28): Laravel\\Lumen\\Application->run()
#17 {main}
"} 
[2020-10-25 10:14:30] local.ERROR: Argument 1 passed to Laravel\Lumen\Routing\Controller::validate() must be an instance of Illuminate\Http\Request, array given, called in /Applications/MAMP/htdocs/bookimaki2/app/Traits/SendsPasswordResetEmails.php on line 42 {"exception":"[object] (TypeError(code: 0): Argument 1 passed to Laravel\\Lumen\\Routing\\Controller::validate() must be an instance of Illuminate\\Http\\Request, array given, called in /Applications/MAMP/htdocs/bookimaki2/app/Traits/SendsPasswordResetEmails.php on line 42 at /Applications/MAMP/htdocs/bookimaki2/vendor/laravel/lumen-framework/src/Routing/ProvidesConvenienceMethods.php:63)
[stacktrace]
#0 /Applications/MAMP/htdocs/bookimaki2/app/Traits/SendsPasswordResetEmails.php(42): Laravel\\Lumen\\Routing\\Controller->validate(Array)
#1 /Applications/MAMP/htdocs/bookimaki2/app/Traits/SendsPasswordResetEmails.php(20): App\\Http\\Controllers\\RequestPasswordController->validateEmail(Object(Laravel\\Lumen\\Http\\Request))
#2 /Applications/MAMP/htdocs/bookimaki2/vendor/illuminate/container/BoundMethod.php(36): App\\Http\\Controllers\\RequestPasswordController->sendResetLinkEmail(Object(Laravel\\Lumen\\Http\\Request))
#3 /Applications/MAMP/htdocs/bookimaki2/vendor/illuminate/container/Util.php(40): Illuminate\\Container\\BoundMethod::Illuminate\\Container\\{closure}()
#4 /Applications/MAMP/htdocs/bookimaki2/vendor/illuminate/container/BoundMethod.php(93): Illuminate\\Container\\Util::unwrapIfClosure(Object(Closure))
#5 /Applications/MAMP/htdocs/bookimaki2/vendor/illuminate/container/BoundMethod.php(37): Illuminate\\Container\\BoundMethod::callBoundMethod(Object(Laravel\\Lumen\\Application), Array, Object(Closure))
#6 /Applications/MAMP/htdocs/bookimaki2/vendor/illuminate/container/Container.php(596): Illuminate\\Container\\BoundMethod::call(Object(Laravel\\Lumen\\Application), Array, Array, NULL)
#7 /Applications/MAMP/htdocs/bookimaki2/vendor/laravel/lumen-framework/src/Concerns/RoutesRequests.php(386): Illuminate\\Container\\Container->call(Array, Array)
#8 /Applications/MAMP/htdocs/bookimaki2/vendor/laravel/lumen-framework/src/Concerns/RoutesRequests.php(352): Laravel\\Lumen\\Application->callControllerCallable(Array, Array)
#9 /Applications/MAMP/htdocs/bookimaki2/vendor/laravel/lumen-framework/src/Concerns/RoutesRequests.php(326): Laravel\\Lumen\\Application->callLumenController(Object(App\\Http\\Controllers\\RequestPasswordController), 'sendResetLinkEm...', Array)
#10 /Applications/MAMP/htdocs/bookimaki2/vendor/laravel/lumen-framework/src/Concerns/RoutesRequests.php(279): Laravel\\Lumen\\Application->callControllerAction(Array)
#11 /Applications/MAMP/htdocs/bookimaki2/vendor/laravel/lumen-framework/src/Concerns/RoutesRequests.php(264): Laravel\\Lumen\\Application->callActionOnArrayBasedRoute(Array)
#12 /Applications/MAMP/htdocs/bookimaki2/vendor/laravel/lumen-framework/src/Concerns/RoutesRequests.php(166): Laravel\\Lumen\\Application->handleFoundRoute(Array)
#13 /Applications/MAMP/htdocs/bookimaki2/vendor/laravel/lumen-framework/src/Concerns/RoutesRequests.php(426): Laravel\\Lumen\\Application->Laravel\\Lumen\\Concerns\\{closure}(Object(Laravel\\Lumen\\Http\\Request))
#14 /Applications/MAMP/htdocs/bookimaki2/vendor/laravel/lumen-framework/src/Concerns/RoutesRequests.php(172): Laravel\\Lumen\\Application->sendThroughPipeline(Array, Object(Closure))
#15 /Applications/MAMP/htdocs/bookimaki2/vendor/laravel/lumen-framework/src/Concerns/RoutesRequests.php(109): Laravel\\Lumen\\Application->dispatch(NULL)
#16 /Applications/MAMP/htdocs/bookimaki2/public/index.php(28): Laravel\\Lumen\\Application->run()
#17 {main}
"} 
[2020-10-25 10:17:22] local.ERROR: Method Laravel\Lumen\Http\Request::validate does not exist. {"exception":"[object] (BadMethodCallException(code: 0): Method Laravel\\Lumen\\Http\\Request::validate does not exist. at /Applications/MAMP/htdocs/bookimaki2/vendor/illuminate/macroable/Traits/Macroable.php:103)
[stacktrace]
#0 /Applications/MAMP/htdocs/bookimaki2/app/Traits/SendsPasswordResetEmails.php(42): Illuminate\\Http\\Request->__call('validate', Array)
#1 /Applications/MAMP/htdocs/bookimaki2/app/Traits/SendsPasswordResetEmails.php(20): App\\Http\\Controllers\\RequestPasswordController->validateEmail(Object(Laravel\\Lumen\\Http\\Request))
#2 /Applications/MAMP/htdocs/bookimaki2/vendor/illuminate/container/BoundMethod.php(36): App\\Http\\Controllers\\RequestPasswordController->sendResetLinkEmail(Object(Laravel\\Lumen\\Http\\Request))
#3 /Applications/MAMP/htdocs/bookimaki2/vendor/illuminate/container/Util.php(40): Illuminate\\Container\\BoundMethod::Illuminate\\Container\\{closure}()
#4 /Applications/MAMP/htdocs/bookimaki2/vendor/illuminate/container/BoundMethod.php(93): Illuminate\\Container\\Util::unwrapIfClosure(Object(Closure))
#5 /Applications/MAMP/htdocs/bookimaki2/vendor/illuminate/container/BoundMethod.php(37): Illuminate\\Container\\BoundMethod::callBoundMethod(Object(Laravel\\Lumen\\Application), Array, Object(Closure))
#6 /Applications/MAMP/htdocs/bookimaki2/vendor/illuminate/container/Container.php(596): Illuminate\\Container\\BoundMethod::call(Object(Laravel\\Lumen\\Application), Array, Array, NULL)
#7 /Applications/MAMP/htdocs/bookimaki2/vendor/laravel/lumen-framework/src/Concerns/RoutesRequests.php(386): Illuminate\\Container\\Container->call(Array, Array)
#8 /Applications/MAMP/htdocs/bookimaki2/vendor/laravel/lumen-framework/src/Concerns/RoutesRequests.php(352): Laravel\\Lumen\\Application->callControllerCallable(Array, Array)
#9 /Applications/MAMP/htdocs/bookimaki2/vendor/laravel/lumen-framework/src/Concerns/RoutesRequests.php(326): Laravel\\Lumen\\Application->callLumenController(Object(App\\Http\\Controllers\\RequestPasswordController), 'sendResetLinkEm...', Array)
#10 /Applications/MAMP/htdocs/bookimaki2/vendor/laravel/lumen-framework/src/Concerns/RoutesRequests.php(279): Laravel\\Lumen\\Application->callControllerAction(Array)
#11 /Applications/MAMP/htdocs/bookimaki2/vendor/laravel/lumen-framework/src/Concerns/RoutesRequests.php(264): Laravel\\Lumen\\Application->callActionOnArrayBasedRoute(Array)
#12 /Applications/MAMP/htdocs/bookimaki2/vendor/laravel/lumen-framework/src/Concerns/RoutesRequests.php(166): Laravel\\Lumen\\Application->handleFoundRoute(Array)
#13 /Applications/MAMP/htdocs/bookimaki2/vendor/laravel/lumen-framework/src/Concerns/RoutesRequests.php(426): Laravel\\Lumen\\Application->Laravel\\Lumen\\Concerns\\{closure}(Object(Laravel\\Lumen\\Http\\Request))
#14 /Applications/MAMP/htdocs/bookimaki2/vendor/laravel/lumen-framework/src/Concerns/RoutesRequests.php(172): Laravel\\Lumen\\Application->sendThroughPipeline(Array, Object(Closure))
#15 /Applications/MAMP/htdocs/bookimaki2/vendor/laravel/lumen-framework/src/Concerns/RoutesRequests.php(109): Laravel\\Lumen\\Application->dispatch(NULL)
#16 /Applications/MAMP/htdocs/bookimaki2/public/index.php(28): Laravel\\Lumen\\Application->run()
#17 {main}
"} 
[2020-10-25 10:18:54] local.ERROR: Target class [auth.password] does not exist. {"exception":"[object] (Illuminate\\Contracts\\Container\\BindingResolutionException(code: 0): Target class [auth.password] does not exist. at /Applications/MAMP/htdocs/bookimaki2/vendor/illuminate/container/Container.php:811)
[stacktrace]
#0 /Applications/MAMP/htdocs/bookimaki2/vendor/illuminate/container/Container.php(691): Illuminate\\Container\\Container->build('auth.password')
#1 /Applications/MAMP/htdocs/bookimaki2/vendor/illuminate/container/Container.php(637): Illuminate\\Container\\Container->resolve('auth.password', Array)
#2 /Applications/MAMP/htdocs/bookimaki2/vendor/laravel/lumen-framework/src/Application.php(300): Illuminate\\Container\\Container->make('auth.password', Array)
#3 /Applications/MAMP/htdocs/bookimaki2/vendor/illuminate/container/Container.php(1280): Laravel\\Lumen\\Application->make('auth.password')
#4 /Applications/MAMP/htdocs/bookimaki2/vendor/illuminate/support/Facades/Facade.php(198): Illuminate\\Container\\Container->offsetGet('auth.password')
#5 /Applications/MAMP/htdocs/bookimaki2/vendor/illuminate/support/Facades/Facade.php(166): Illuminate\\Support\\Facades\\Facade::resolveFacadeInstance('auth.password')
#6 /Applications/MAMP/htdocs/bookimaki2/vendor/illuminate/support/Facades/Facade.php(255): Illuminate\\Support\\Facades\\Facade::getFacadeRoot()
#7 /Applications/MAMP/htdocs/bookimaki2/app/Traits/SendsPasswordResetEmails.php(91): Illuminate\\Support\\Facades\\Facade::__callStatic('broker', Array)
#8 /Applications/MAMP/htdocs/bookimaki2/app/Traits/SendsPasswordResetEmails.php(25): App\\Http\\Controllers\\RequestPasswordController->broker()
#9 /Applications/MAMP/htdocs/bookimaki2/vendor/illuminate/container/BoundMethod.php(36): App\\Http\\Controllers\\RequestPasswordController->sendResetLinkEmail(Object(Laravel\\Lumen\\Http\\Request))
#10 /Applications/MAMP/htdocs/bookimaki2/vendor/illuminate/container/Util.php(40): Illuminate\\Container\\BoundMethod::Illuminate\\Container\\{closure}()
#11 /Applications/MAMP/htdocs/bookimaki2/vendor/illuminate/container/BoundMethod.php(93): Illuminate\\Container\\Util::unwrapIfClosure(Object(Closure))
#12 /Applications/MAMP/htdocs/bookimaki2/vendor/illuminate/container/BoundMethod.php(37): Illuminate\\Container\\BoundMethod::callBoundMethod(Object(Laravel\\Lumen\\Application), Array, Object(Closure))
#13 /Applications/MAMP/htdocs/bookimaki2/vendor/illuminate/container/Container.php(596): Illuminate\\Container\\BoundMethod::call(Object(Laravel\\Lumen\\Application), Array, Array, NULL)
#14 /Applications/MAMP/htdocs/bookimaki2/vendor/laravel/lumen-framework/src/Concerns/RoutesRequests.php(386): Illuminate\\Container\\Container->call(Array, Array)
#15 /Applications/MAMP/htdocs/bookimaki2/vendor/laravel/lumen-framework/src/Concerns/RoutesRequests.php(352): Laravel\\Lumen\\Application->callControllerCallable(Array, Array)
#16 /Applications/MAMP/htdocs/bookimaki2/vendor/laravel/lumen-framework/src/Concerns/RoutesRequests.php(326): Laravel\\Lumen\\Application->callLumenController(Object(App\\Http\\Controllers\\RequestPasswordController), 'sendResetLinkEm...', Array)
#17 /Applications/MAMP/htdocs/bookimaki2/vendor/laravel/lumen-framework/src/Concerns/RoutesRequests.php(279): Laravel\\Lumen\\Application->callControllerAction(Array)
#18 /Applications/MAMP/htdocs/bookimaki2/vendor/laravel/lumen-framework/src/Concerns/RoutesRequests.php(264): Laravel\\Lumen\\Application->callActionOnArrayBasedRoute(Array)
#19 /Applications/MAMP/htdocs/bookimaki2/vendor/laravel/lumen-framework/src/Concerns/RoutesRequests.php(166): Laravel\\Lumen\\Application->handleFoundRoute(Array)
#20 /Applications/MAMP/htdocs/bookimaki2/vendor/laravel/lumen-framework/src/Concerns/RoutesRequests.php(426): Laravel\\Lumen\\Application->Laravel\\Lumen\\Concerns\\{closure}(Object(Laravel\\Lumen\\Http\\Request))
#21 /Applications/MAMP/htdocs/bookimaki2/vendor/laravel/lumen-framework/src/Concerns/RoutesRequests.php(172): Laravel\\Lumen\\Application->sendThroughPipeline(Array, Object(Closure))
#22 /Applications/MAMP/htdocs/bookimaki2/vendor/laravel/lumen-framework/src/Concerns/RoutesRequests.php(109): Laravel\\Lumen\\Application->dispatch(NULL)
#23 /Applications/MAMP/htdocs/bookimaki2/public/index.php(28): Laravel\\Lumen\\Application->run()
#24 {main}

[previous exception] [object] (ReflectionException(code: -1): Class auth.password does not exist at /Applications/MAMP/htdocs/bookimaki2/vendor/illuminate/container/Container.php:809)
[stacktrace]
#0 /Applications/MAMP/htdocs/bookimaki2/vendor/illuminate/container/Container.php(809): ReflectionClass->__construct('auth.password')
#1 /Applications/MAMP/htdocs/bookimaki2/vendor/illuminate/container/Container.php(691): Illuminate\\Container\\Container->build('auth.password')
#2 /Applications/MAMP/htdocs/bookimaki2/vendor/illuminate/container/Container.php(637): Illuminate\\Container\\Container->resolve('auth.password', Array)
#3 /Applications/MAMP/htdocs/bookimaki2/vendor/laravel/lumen-framework/src/Application.php(300): Illuminate\\Container\\Container->make('auth.password', Array)
#4 /Applications/MAMP/htdocs/bookimaki2/vendor/illuminate/container/Container.php(1280): Laravel\\Lumen\\Application->make('auth.password')
#5 /Applications/MAMP/htdocs/bookimaki2/vendor/illuminate/support/Facades/Facade.php(198): Illuminate\\Container\\Container->offsetGet('auth.password')
#6 /Applications/MAMP/htdocs/bookimaki2/vendor/illuminate/support/Facades/Facade.php(166): Illuminate\\Support\\Facades\\Facade::resolveFacadeInstance('auth.password')
#7 /Applications/MAMP/htdocs/bookimaki2/vendor/illuminate/support/Facades/Facade.php(255): Illuminate\\Support\\Facades\\Facade::getFacadeRoot()
#8 /Applications/MAMP/htdocs/bookimaki2/app/Traits/SendsPasswordResetEmails.php(91): Illuminate\\Support\\Facades\\Facade::__callStatic('broker', Array)
#9 /Applications/MAMP/htdocs/bookimaki2/app/Traits/SendsPasswordResetEmails.php(25): App\\Http\\Controllers\\RequestPasswordController->broker()
#10 /Applications/MAMP/htdocs/bookimaki2/vendor/illuminate/container/BoundMethod.php(36): App\\Http\\Controllers\\RequestPasswordController->sendResetLinkEmail(Object(Laravel\\Lumen\\Http\\Request))
#11 /Applications/MAMP/htdocs/bookimaki2/vendor/illuminate/container/Util.php(40): Illuminate\\Container\\BoundMethod::Illuminate\\Container\\{closure}()
#12 /Applications/MAMP/htdocs/bookimaki2/vendor/illuminate/container/BoundMethod.php(93): Illuminate\\Container\\Util::unwrapIfClosure(Object(Closure))
#13 /Applications/MAMP/htdocs/bookimaki2/vendor/illuminate/container/BoundMethod.php(37): Illuminate\\Container\\BoundMethod::callBoundMethod(Object(Laravel\\Lumen\\Application), Array, Object(Closure))
#14 /Applications/MAMP/htdocs/bookimaki2/vendor/illuminate/container/Container.php(596): Illuminate\\Container\\BoundMethod::call(Object(Laravel\\Lumen\\Application), Array, Array, NULL)
#15 /Applications/MAMP/htdocs/bookimaki2/vendor/laravel/lumen-framework/src/Concerns/RoutesRequests.php(386): Illuminate\\Container\\Container->call(Array, Array)
#16 /Applications/MAMP/htdocs/bookimaki2/vendor/laravel/lumen-framework/src/Concerns/RoutesRequests.php(352): Laravel\\Lumen\\Application->callControllerCallable(Array, Array)
#17 /Applications/MAMP/htdocs/bookimaki2/vendor/laravel/lumen-framework/src/Concerns/RoutesRequests.php(326): Laravel\\Lumen\\Application->callLumenController(Object(App\\Http\\Controllers\\RequestPasswordController), 'sendResetLinkEm...', Array)
#18 /Applications/MAMP/htdocs/bookimaki2/vendor/laravel/lumen-framework/src/Concerns/RoutesRequests.php(279): Laravel\\Lumen\\Application->callControllerAction(Array)
#19 /Applications/MAMP/htdocs/bookimaki2/vendor/laravel/lumen-framework/src/Concerns/RoutesRequests.php(264): Laravel\\Lumen\\Application->callActionOnArrayBasedRoute(Array)
#20 /Applications/MAMP/htdocs/bookimaki2/vendor/laravel/lumen-framework/src/Concerns/RoutesRequests.php(166): Laravel\\Lumen\\Application->handleFoundRoute(Array)
#21 /Applications/MAMP/htdocs/bookimaki2/vendor/laravel/lumen-framework/src/Concerns/RoutesRequests.php(426): Laravel\\Lumen\\Application->Laravel\\Lumen\\Concerns\\{closure}(Object(Laravel\\Lumen\\Http\\Request))
#22 /Applications/MAMP/htdocs/bookimaki2/vendor/laravel/lumen-framework/src/Concerns/RoutesRequests.php(172): Laravel\\Lumen\\Application->sendThroughPipeline(Array, Object(Closure))
#23 /Applications/MAMP/htdocs/bookimaki2/vendor/laravel/lumen-framework/src/Concerns/RoutesRequests.php(109): Laravel\\Lumen\\Application->dispatch(NULL)
#24 /Applications/MAMP/htdocs/bookimaki2/public/index.php(28): Laravel\\Lumen\\Application->run()
#25 {main}
"} 
[2020-10-25 12:19:27] local.ERROR: Target class [auth.password] does not exist. {"exception":"[object] (Illuminate\\Contracts\\Container\\BindingResolutionException(code: 0): Target class [auth.password] does not exist. at /Applications/MAMP/htdocs/bookimaki2/vendor/illuminate/container/Container.php:811)
[stacktrace]
#0 /Applications/MAMP/htdocs/bookimaki2/vendor/illuminate/container/Container.php(691): Illuminate\\Container\\Container->build('auth.password')
#1 /Applications/MAMP/htdocs/bookimaki2/vendor/illuminate/container/Container.php(637): Illuminate\\Container\\Container->resolve('auth.password', Array)
#2 /Applications/MAMP/htdocs/bookimaki2/vendor/laravel/lumen-framework/src/Application.php(300): Illuminate\\Container\\Container->make('auth.password', Array)
#3 /Applications/MAMP/htdocs/bookimaki2/vendor/illuminate/container/Container.php(1280): Laravel\\Lumen\\Application->make('auth.password')
#4 /Applications/MAMP/htdocs/bookimaki2/vendor/illuminate/support/Facades/Facade.php(198): Illuminate\\Container\\Container->offsetGet('auth.password')
#5 /Applications/MAMP/htdocs/bookimaki2/vendor/illuminate/support/Facades/Facade.php(166): Illuminate\\Support\\Facades\\Facade::resolveFacadeInstance('auth.password')
#6 /Applications/MAMP/htdocs/bookimaki2/vendor/illuminate/support/Facades/Facade.php(255): Illuminate\\Support\\Facades\\Facade::getFacadeRoot()
#7 /Applications/MAMP/htdocs/bookimaki2/app/Traits/SendsPasswordResetEmails.php(97): Illuminate\\Support\\Facades\\Facade::__callStatic('broker', Array)
#8 /Applications/MAMP/htdocs/bookimaki2/app/Traits/SendsPasswordResetEmails.php(25): App\\Http\\Controllers\\RequestPasswordController->broker()
#9 /Applications/MAMP/htdocs/bookimaki2/vendor/illuminate/container/BoundMethod.php(36): App\\Http\\Controllers\\RequestPasswordController->sendResetLinkEmail(Object(Laravel\\Lumen\\Http\\Request))
#10 /Applications/MAMP/htdocs/bookimaki2/vendor/illuminate/container/Util.php(40): Illuminate\\Container\\BoundMethod::Illuminate\\Container\\{closure}()
#11 /Applications/MAMP/htdocs/bookimaki2/vendor/illuminate/container/BoundMethod.php(93): Illuminate\\Container\\Util::unwrapIfClosure(Object(Closure))
#12 /Applications/MAMP/htdocs/bookimaki2/vendor/illuminate/container/BoundMethod.php(37): Illuminate\\Container\\BoundMethod::callBoundMethod(Object(Laravel\\Lumen\\Application), Array, Object(Closure))
#13 /Applications/MAMP/htdocs/bookimaki2/vendor/illuminate/container/Container.php(596): Illuminate\\Container\\BoundMethod::call(Object(Laravel\\Lumen\\Application), Array, Array, NULL)
#14 /Applications/MAMP/htdocs/bookimaki2/vendor/laravel/lumen-framework/src/Concerns/RoutesRequests.php(386): Illuminate\\Container\\Container->call(Array, Array)
#15 /Applications/MAMP/htdocs/bookimaki2/vendor/laravel/lumen-framework/src/Concerns/RoutesRequests.php(352): Laravel\\Lumen\\Application->callControllerCallable(Array, Array)
#16 /Applications/MAMP/htdocs/bookimaki2/vendor/laravel/lumen-framework/src/Concerns/RoutesRequests.php(326): Laravel\\Lumen\\Application->callLumenController(Object(App\\Http\\Controllers\\RequestPasswordController), 'sendResetLinkEm...', Array)
#17 /Applications/MAMP/htdocs/bookimaki2/vendor/laravel/lumen-framework/src/Concerns/RoutesRequests.php(279): Laravel\\Lumen\\Application->callControllerAction(Array)
#18 /Applications/MAMP/htdocs/bookimaki2/vendor/laravel/lumen-framework/src/Concerns/RoutesRequests.php(264): Laravel\\Lumen\\Application->callActionOnArrayBasedRoute(Array)
#19 /Applications/MAMP/htdocs/bookimaki2/vendor/laravel/lumen-framework/src/Concerns/RoutesRequests.php(166): Laravel\\Lumen\\Application->handleFoundRoute(Array)
#20 /Applications/MAMP/htdocs/bookimaki2/vendor/laravel/lumen-framework/src/Concerns/RoutesRequests.php(426): Laravel\\Lumen\\Application->Laravel\\Lumen\\Concerns\\{closure}(Object(Laravel\\Lumen\\Http\\Request))
#21 /Applications/MAMP/htdocs/bookimaki2/vendor/laravel/lumen-framework/src/Concerns/RoutesRequests.php(172): Laravel\\Lumen\\Application->sendThroughPipeline(Array, Object(Closure))
#22 /Applications/MAMP/htdocs/bookimaki2/vendor/laravel/lumen-framework/src/Concerns/RoutesRequests.php(109): Laravel\\Lumen\\Application->dispatch(NULL)
#23 /Applications/MAMP/htdocs/bookimaki2/public/index.php(28): Laravel\\Lumen\\Application->run()
#24 {main}

[previous exception] [object] (ReflectionException(code: -1): Class auth.password does not exist at /Applications/MAMP/htdocs/bookimaki2/vendor/illuminate/container/Container.php:809)
[stacktrace]
#0 /Applications/MAMP/htdocs/bookimaki2/vendor/illuminate/container/Container.php(809): ReflectionClass->__construct('auth.password')
#1 /Applications/MAMP/htdocs/bookimaki2/vendor/illuminate/container/Container.php(691): Illuminate\\Container\\Container->build('auth.password')
#2 /Applications/MAMP/htdocs/bookimaki2/vendor/illuminate/container/Container.php(637): Illuminate\\Container\\Container->resolve('auth.password', Array)
#3 /Applications/MAMP/htdocs/bookimaki2/vendor/laravel/lumen-framework/src/Application.php(300): Illuminate\\Container\\Container->make('auth.password', Array)
#4 /Applications/MAMP/htdocs/bookimaki2/vendor/illuminate/container/Container.php(1280): Laravel\\Lumen\\Application->make('auth.password')
#5 /Applications/MAMP/htdocs/bookimaki2/vendor/illuminate/support/Facades/Facade.php(198): Illuminate\\Container\\Container->offsetGet('auth.password')
#6 /Applications/MAMP/htdocs/bookimaki2/vendor/illuminate/support/Facades/Facade.php(166): Illuminate\\Support\\Facades\\Facade::resolveFacadeInstance('auth.password')
#7 /Applications/MAMP/htdocs/bookimaki2/vendor/illuminate/support/Facades/Facade.php(255): Illuminate\\Support\\Facades\\Facade::getFacadeRoot()
#8 /Applications/MAMP/htdocs/bookimaki2/app/Traits/SendsPasswordResetEmails.php(97): Illuminate\\Support\\Facades\\Facade::__callStatic('broker', Array)
#9 /Applications/MAMP/htdocs/bookimaki2/app/Traits/SendsPasswordResetEmails.php(25): App\\Http\\Controllers\\RequestPasswordController->broker()
#10 /Applications/MAMP/htdocs/bookimaki2/vendor/illuminate/container/BoundMethod.php(36): App\\Http\\Controllers\\RequestPasswordController->sendResetLinkEmail(Object(Laravel\\Lumen\\Http\\Request))
#11 /Applications/MAMP/htdocs/bookimaki2/vendor/illuminate/container/Util.php(40): Illuminate\\Container\\BoundMethod::Illuminate\\Container\\{closure}()
#12 /Applications/MAMP/htdocs/bookimaki2/vendor/illuminate/container/BoundMethod.php(93): Illuminate\\Container\\Util::unwrapIfClosure(Object(Closure))
#13 /Applications/MAMP/htdocs/bookimaki2/vendor/illuminate/container/BoundMethod.php(37): Illuminate\\Container\\BoundMethod::callBoundMethod(Object(Laravel\\Lumen\\Application), Array, Object(Closure))
#14 /Applications/MAMP/htdocs/bookimaki2/vendor/illuminate/container/Container.php(596): Illuminate\\Container\\BoundMethod::call(Object(Laravel\\Lumen\\Application), Array, Array, NULL)
#15 /Applications/MAMP/htdocs/bookimaki2/vendor/laravel/lumen-framework/src/Concerns/RoutesRequests.php(386): Illuminate\\Container\\Container->call(Array, Array)
#16 /Applications/MAMP/htdocs/bookimaki2/vendor/laravel/lumen-framework/src/Concerns/RoutesRequests.php(352): Laravel\\Lumen\\Application->callControllerCallable(Array, Array)
#17 /Applications/MAMP/htdocs/bookimaki2/vendor/laravel/lumen-framework/src/Concerns/RoutesRequests.php(326): Laravel\\Lumen\\Application->callLumenController(Object(App\\Http\\Controllers\\RequestPasswordController), 'sendResetLinkEm...', Array)
#18 /Applications/MAMP/htdocs/bookimaki2/vendor/laravel/lumen-framework/src/Concerns/RoutesRequests.php(279): Laravel\\Lumen\\Application->callControllerAction(Array)
#19 /Applications/MAMP/htdocs/bookimaki2/vendor/laravel/lumen-framework/src/Concerns/RoutesRequests.php(264): Laravel\\Lumen\\Application->callActionOnArrayBasedRoute(Array)
#20 /Applications/MAMP/htdocs/bookimaki2/vendor/laravel/lumen-framework/src/Concerns/RoutesRequests.php(166): Laravel\\Lumen\\Application->handleFoundRoute(Array)
#21 /Applications/MAMP/htdocs/bookimaki2/vendor/laravel/lumen-framework/src/Concerns/RoutesRequests.php(426): Laravel\\Lumen\\Application->Laravel\\Lumen\\Concerns\\{closure}(Object(Laravel\\Lumen\\Http\\Request))
#22 /Applications/MAMP/htdocs/bookimaki2/vendor/laravel/lumen-framework/src/Concerns/RoutesRequests.php(172): Laravel\\Lumen\\Application->sendThroughPipeline(Array, Object(Closure))
#23 /Applications/MAMP/htdocs/bookimaki2/vendor/laravel/lumen-framework/src/Concerns/RoutesRequests.php(109): Laravel\\Lumen\\Application->dispatch(NULL)
#24 /Applications/MAMP/htdocs/bookimaki2/public/index.php(28): Laravel\\Lumen\\Application->run()
#25 {main}
"} 
[2020-10-25 12:22:55] local.ERROR: Target class [auth.password] does not exist. {"exception":"[object] (Illuminate\\Contracts\\Container\\BindingResolutionException(code: 0): Target class [auth.password] does not exist. at /Applications/MAMP/htdocs/bookimaki2/vendor/illuminate/container/Container.php:811)
[stacktrace]
#0 /Applications/MAMP/htdocs/bookimaki2/vendor/illuminate/container/Container.php(691): Illuminate\\Container\\Container->build('auth.password')
#1 /Applications/MAMP/htdocs/bookimaki2/vendor/illuminate/container/Container.php(637): Illuminate\\Container\\Container->resolve('auth.password', Array)
#2 /Applications/MAMP/htdocs/bookimaki2/vendor/laravel/lumen-framework/src/Application.php(300): Illuminate\\Container\\Container->make('auth.password', Array)
#3 /Applications/MAMP/htdocs/bookimaki2/vendor/illuminate/container/Container.php(1280): Laravel\\Lumen\\Application->make('auth.password')
#4 /Applications/MAMP/htdocs/bookimaki2/vendor/illuminate/support/Facades/Facade.php(198): Illuminate\\Container\\Container->offsetGet('auth.password')
#5 /Applications/MAMP/htdocs/bookimaki2/vendor/illuminate/support/Facades/Facade.php(166): Illuminate\\Support\\Facades\\Facade::resolveFacadeInstance('auth.password')
#6 /Applications/MAMP/htdocs/bookimaki2/vendor/illuminate/support/Facades/Facade.php(255): Illuminate\\Support\\Facades\\Facade::getFacadeRoot()
#7 /Applications/MAMP/htdocs/bookimaki2/app/Traits/SendsPasswordResetEmails.php(97): Illuminate\\Support\\Facades\\Facade::__callStatic('broker', Array)
#8 /Applications/MAMP/htdocs/bookimaki2/app/Traits/SendsPasswordResetEmails.php(25): App\\Http\\Controllers\\RequestPasswordController->broker()
#9 /Applications/MAMP/htdocs/bookimaki2/vendor/illuminate/container/BoundMethod.php(36): App\\Http\\Controllers\\RequestPasswordController->sendResetLinkEmail(Object(Laravel\\Lumen\\Http\\Request))
#10 /Applications/MAMP/htdocs/bookimaki2/vendor/illuminate/container/Util.php(40): Illuminate\\Container\\BoundMethod::Illuminate\\Container\\{closure}()
#11 /Applications/MAMP/htdocs/bookimaki2/vendor/illuminate/container/BoundMethod.php(93): Illuminate\\Container\\Util::unwrapIfClosure(Object(Closure))
#12 /Applications/MAMP/htdocs/bookimaki2/vendor/illuminate/container/BoundMethod.php(37): Illuminate\\Container\\BoundMethod::callBoundMethod(Object(Laravel\\Lumen\\Application), Array, Object(Closure))
#13 /Applications/MAMP/htdocs/bookimaki2/vendor/illuminate/container/Container.php(596): Illuminate\\Container\\BoundMethod::call(Object(Laravel\\Lumen\\Application), Array, Array, NULL)
#14 /Applications/MAMP/htdocs/bookimaki2/vendor/laravel/lumen-framework/src/Concerns/RoutesRequests.php(386): Illuminate\\Container\\Container->call(Array, Array)
#15 /Applications/MAMP/htdocs/bookimaki2/vendor/laravel/lumen-framework/src/Concerns/RoutesRequests.php(352): Laravel\\Lumen\\Application->callControllerCallable(Array, Array)
#16 /Applications/MAMP/htdocs/bookimaki2/vendor/laravel/lumen-framework/src/Concerns/RoutesRequests.php(326): Laravel\\Lumen\\Application->callLumenController(Object(App\\Http\\Controllers\\RequestPasswordController), 'sendResetLinkEm...', Array)
#17 /Applications/MAMP/htdocs/bookimaki2/vendor/laravel/lumen-framework/src/Concerns/RoutesRequests.php(279): Laravel\\Lumen\\Application->callControllerAction(Array)
#18 /Applications/MAMP/htdocs/bookimaki2/vendor/laravel/lumen-framework/src/Concerns/RoutesRequests.php(264): Laravel\\Lumen\\Application->callActionOnArrayBasedRoute(Array)
#19 /Applications/MAMP/htdocs/bookimaki2/vendor/laravel/lumen-framework/src/Concerns/RoutesRequests.php(166): Laravel\\Lumen\\Application->handleFoundRoute(Array)
#20 /Applications/MAMP/htdocs/bookimaki2/vendor/laravel/lumen-framework/src/Concerns/RoutesRequests.php(426): Laravel\\Lumen\\Application->Laravel\\Lumen\\Concerns\\{closure}(Object(Laravel\\Lumen\\Http\\Request))
#21 /Applications/MAMP/htdocs/bookimaki2/vendor/laravel/lumen-framework/src/Concerns/RoutesRequests.php(172): Laravel\\Lumen\\Application->sendThroughPipeline(Array, Object(Closure))
#22 /Applications/MAMP/htdocs/bookimaki2/vendor/laravel/lumen-framework/src/Concerns/RoutesRequests.php(109): Laravel\\Lumen\\Application->dispatch(NULL)
#23 /Applications/MAMP/htdocs/bookimaki2/public/index.php(28): Laravel\\Lumen\\Application->run()
#24 {main}

[previous exception] [object] (ReflectionException(code: -1): Class auth.password does not exist at /Applications/MAMP/htdocs/bookimaki2/vendor/illuminate/container/Container.php:809)
[stacktrace]
#0 /Applications/MAMP/htdocs/bookimaki2/vendor/illuminate/container/Container.php(809): ReflectionClass->__construct('auth.password')
#1 /Applications/MAMP/htdocs/bookimaki2/vendor/illuminate/container/Container.php(691): Illuminate\\Container\\Container->build('auth.password')
#2 /Applications/MAMP/htdocs/bookimaki2/vendor/illuminate/container/Container.php(637): Illuminate\\Container\\Container->resolve('auth.password', Array)
#3 /Applications/MAMP/htdocs/bookimaki2/vendor/laravel/lumen-framework/src/Application.php(300): Illuminate\\Container\\Container->make('auth.password', Array)
#4 /Applications/MAMP/htdocs/bookimaki2/vendor/illuminate/container/Container.php(1280): Laravel\\Lumen\\Application->make('auth.password')
#5 /Applications/MAMP/htdocs/bookimaki2/vendor/illuminate/support/Facades/Facade.php(198): Illuminate\\Container\\Container->offsetGet('auth.password')
#6 /Applications/MAMP/htdocs/bookimaki2/vendor/illuminate/support/Facades/Facade.php(166): Illuminate\\Support\\Facades\\Facade::resolveFacadeInstance('auth.password')
#7 /Applications/MAMP/htdocs/bookimaki2/vendor/illuminate/support/Facades/Facade.php(255): Illuminate\\Support\\Facades\\Facade::getFacadeRoot()
#8 /Applications/MAMP/htdocs/bookimaki2/app/Traits/SendsPasswordResetEmails.php(97): Illuminate\\Support\\Facades\\Facade::__callStatic('broker', Array)
#9 /Applications/MAMP/htdocs/bookimaki2/app/Traits/SendsPasswordResetEmails.php(25): App\\Http\\Controllers\\RequestPasswordController->broker()
#10 /Applications/MAMP/htdocs/bookimaki2/vendor/illuminate/container/BoundMethod.php(36): App\\Http\\Controllers\\RequestPasswordController->sendResetLinkEmail(Object(Laravel\\Lumen\\Http\\Request))
#11 /Applications/MAMP/htdocs/bookimaki2/vendor/illuminate/container/Util.php(40): Illuminate\\Container\\BoundMethod::Illuminate\\Container\\{closure}()
#12 /Applications/MAMP/htdocs/bookimaki2/vendor/illuminate/container/BoundMethod.php(93): Illuminate\\Container\\Util::unwrapIfClosure(Object(Closure))
#13 /Applications/MAMP/htdocs/bookimaki2/vendor/illuminate/container/BoundMethod.php(37): Illuminate\\Container\\BoundMethod::callBoundMethod(Object(Laravel\\Lumen\\Application), Array, Object(Closure))
#14 /Applications/MAMP/htdocs/bookimaki2/vendor/illuminate/container/Container.php(596): Illuminate\\Container\\BoundMethod::call(Object(Laravel\\Lumen\\Application), Array, Array, NULL)
#15 /Applications/MAMP/htdocs/bookimaki2/vendor/laravel/lumen-framework/src/Concerns/RoutesRequests.php(386): Illuminate\\Container\\Container->call(Array, Array)
#16 /Applications/MAMP/htdocs/bookimaki2/vendor/laravel/lumen-framework/src/Concerns/RoutesRequests.php(352): Laravel\\Lumen\\Application->callControllerCallable(Array, Array)
#17 /Applications/MAMP/htdocs/bookimaki2/vendor/laravel/lumen-framework/src/Concerns/RoutesRequests.php(326): Laravel\\Lumen\\Application->callLumenController(Object(App\\Http\\Controllers\\RequestPasswordController), 'sendResetLinkEm...', Array)
#18 /Applications/MAMP/htdocs/bookimaki2/vendor/laravel/lumen-framework/src/Concerns/RoutesRequests.php(279): Laravel\\Lumen\\Application->callControllerAction(Array)
#19 /Applications/MAMP/htdocs/bookimaki2/vendor/laravel/lumen-framework/src/Concerns/RoutesRequests.php(264): Laravel\\Lumen\\Application->callActionOnArrayBasedRoute(Array)
#20 /Applications/MAMP/htdocs/bookimaki2/vendor/laravel/lumen-framework/src/Concerns/RoutesRequests.php(166): Laravel\\Lumen\\Application->handleFoundRoute(Array)
#21 /Applications/MAMP/htdocs/bookimaki2/vendor/laravel/lumen-framework/src/Concerns/RoutesRequests.php(426): Laravel\\Lumen\\Application->Laravel\\Lumen\\Concerns\\{closure}(Object(Laravel\\Lumen\\Http\\Request))
#22 /Applications/MAMP/htdocs/bookimaki2/vendor/laravel/lumen-framework/src/Concerns/RoutesRequests.php(172): Laravel\\Lumen\\Application->sendThroughPipeline(Array, Object(Closure))
#23 /Applications/MAMP/htdocs/bookimaki2/vendor/laravel/lumen-framework/src/Concerns/RoutesRequests.php(109): Laravel\\Lumen\\Application->dispatch(NULL)
#24 /Applications/MAMP/htdocs/bookimaki2/public/index.php(28): Laravel\\Lumen\\Application->run()
#25 {main}
"} 
[2020-10-25 14:12:39] local.ERROR: Target class [auth.password] does not exist. {"exception":"[object] (Illuminate\\Contracts\\Container\\BindingResolutionException(code: 0): Target class [auth.password] does not exist. at /Applications/MAMP/htdocs/bookimaki2/vendor/illuminate/container/Container.php:811)
[stacktrace]
#0 /Applications/MAMP/htdocs/bookimaki2/vendor/illuminate/container/Container.php(691): Illuminate\\Container\\Container->build('auth.password')
#1 /Applications/MAMP/htdocs/bookimaki2/vendor/illuminate/container/Container.php(637): Illuminate\\Container\\Container->resolve('auth.password', Array)
#2 /Applications/MAMP/htdocs/bookimaki2/vendor/laravel/lumen-framework/src/Application.php(300): Illuminate\\Container\\Container->make('auth.password', Array)
#3 /Applications/MAMP/htdocs/bookimaki2/vendor/illuminate/container/Container.php(1280): Laravel\\Lumen\\Application->make('auth.password')
#4 /Applications/MAMP/htdocs/bookimaki2/vendor/illuminate/support/Facades/Facade.php(198): Illuminate\\Container\\Container->offsetGet('auth.password')
#5 /Applications/MAMP/htdocs/bookimaki2/vendor/illuminate/support/Facades/Facade.php(166): Illuminate\\Support\\Facades\\Facade::resolveFacadeInstance('auth.password')
#6 /Applications/MAMP/htdocs/bookimaki2/vendor/illuminate/support/Facades/Facade.php(255): Illuminate\\Support\\Facades\\Facade::getFacadeRoot()
#7 /Applications/MAMP/htdocs/bookimaki2/app/Traits/SendsPasswordResetEmails.php(97): Illuminate\\Support\\Facades\\Facade::__callStatic('broker', Array)
#8 /Applications/MAMP/htdocs/bookimaki2/app/Traits/SendsPasswordResetEmails.php(25): App\\Http\\Controllers\\RequestPasswordController->broker()
#9 /Applications/MAMP/htdocs/bookimaki2/vendor/illuminate/container/BoundMethod.php(36): App\\Http\\Controllers\\RequestPasswordController->sendResetLinkEmail(Object(Laravel\\Lumen\\Http\\Request))
#10 /Applications/MAMP/htdocs/bookimaki2/vendor/illuminate/container/Util.php(40): Illuminate\\Container\\BoundMethod::Illuminate\\Container\\{closure}()
#11 /Applications/MAMP/htdocs/bookimaki2/vendor/illuminate/container/BoundMethod.php(93): Illuminate\\Container\\Util::unwrapIfClosure(Object(Closure))
#12 /Applications/MAMP/htdocs/bookimaki2/vendor/illuminate/container/BoundMethod.php(37): Illuminate\\Container\\BoundMethod::callBoundMethod(Object(Laravel\\Lumen\\Application), Array, Object(Closure))
#13 /Applications/MAMP/htdocs/bookimaki2/vendor/illuminate/container/Container.php(596): Illuminate\\Container\\BoundMethod::call(Object(Laravel\\Lumen\\Application), Array, Array, NULL)
#14 /Applications/MAMP/htdocs/bookimaki2/vendor/laravel/lumen-framework/src/Concerns/RoutesRequests.php(386): Illuminate\\Container\\Container->call(Array, Array)
#15 /Applications/MAMP/htdocs/bookimaki2/vendor/laravel/lumen-framework/src/Concerns/RoutesRequests.php(352): Laravel\\Lumen\\Application->callControllerCallable(Array, Array)
#16 /Applications/MAMP/htdocs/bookimaki2/vendor/laravel/lumen-framework/src/Concerns/RoutesRequests.php(326): Laravel\\Lumen\\Application->callLumenController(Object(App\\Http\\Controllers\\RequestPasswordController), 'sendResetLinkEm...', Array)
#17 /Applications/MAMP/htdocs/bookimaki2/vendor/laravel/lumen-framework/src/Concerns/RoutesRequests.php(279): Laravel\\Lumen\\Application->callControllerAction(Array)
#18 /Applications/MAMP/htdocs/bookimaki2/vendor/laravel/lumen-framework/src/Concerns/RoutesRequests.php(264): Laravel\\Lumen\\Application->callActionOnArrayBasedRoute(Array)
#19 /Applications/MAMP/htdocs/bookimaki2/vendor/laravel/lumen-framework/src/Concerns/RoutesRequests.php(166): Laravel\\Lumen\\Application->handleFoundRoute(Array)
#20 /Applications/MAMP/htdocs/bookimaki2/vendor/laravel/lumen-framework/src/Concerns/RoutesRequests.php(426): Laravel\\Lumen\\Application->Laravel\\Lumen\\Concerns\\{closure}(Object(Laravel\\Lumen\\Http\\Request))
#21 /Applications/MAMP/htdocs/bookimaki2/vendor/laravel/lumen-framework/src/Concerns/RoutesRequests.php(172): Laravel\\Lumen\\Application->sendThroughPipeline(Array, Object(Closure))
#22 /Applications/MAMP/htdocs/bookimaki2/vendor/laravel/lumen-framework/src/Concerns/RoutesRequests.php(109): Laravel\\Lumen\\Application->dispatch(NULL)
#23 /Applications/MAMP/htdocs/bookimaki2/public/index.php(28): Laravel\\Lumen\\Application->run()
#24 {main}

[previous exception] [object] (ReflectionException(code: -1): Class auth.password does not exist at /Applications/MAMP/htdocs/bookimaki2/vendor/illuminate/container/Container.php:809)
[stacktrace]
#0 /Applications/MAMP/htdocs/bookimaki2/vendor/illuminate/container/Container.php(809): ReflectionClass->__construct('auth.password')
#1 /Applications/MAMP/htdocs/bookimaki2/vendor/illuminate/container/Container.php(691): Illuminate\\Container\\Container->build('auth.password')
#2 /Applications/MAMP/htdocs/bookimaki2/vendor/illuminate/container/Container.php(637): Illuminate\\Container\\Container->resolve('auth.password', Array)
#3 /Applications/MAMP/htdocs/bookimaki2/vendor/laravel/lumen-framework/src/Application.php(300): Illuminate\\Container\\Container->make('auth.password', Array)
#4 /Applications/MAMP/htdocs/bookimaki2/vendor/illuminate/container/Container.php(1280): Laravel\\Lumen\\Application->make('auth.password')
#5 /Applications/MAMP/htdocs/bookimaki2/vendor/illuminate/support/Facades/Facade.php(198): Illuminate\\Container\\Container->offsetGet('auth.password')
#6 /Applications/MAMP/htdocs/bookimaki2/vendor/illuminate/support/Facades/Facade.php(166): Illuminate\\Support\\Facades\\Facade::resolveFacadeInstance('auth.password')
#7 /Applications/MAMP/htdocs/bookimaki2/vendor/illuminate/support/Facades/Facade.php(255): Illuminate\\Support\\Facades\\Facade::getFacadeRoot()
#8 /Applications/MAMP/htdocs/bookimaki2/app/Traits/SendsPasswordResetEmails.php(97): Illuminate\\Support\\Facades\\Facade::__callStatic('broker', Array)
#9 /Applications/MAMP/htdocs/bookimaki2/app/Traits/SendsPasswordResetEmails.php(25): App\\Http\\Controllers\\RequestPasswordController->broker()
#10 /Applications/MAMP/htdocs/bookimaki2/vendor/illuminate/container/BoundMethod.php(36): App\\Http\\Controllers\\RequestPasswordController->sendResetLinkEmail(Object(Laravel\\Lumen\\Http\\Request))
#11 /Applications/MAMP/htdocs/bookimaki2/vendor/illuminate/container/Util.php(40): Illuminate\\Container\\BoundMethod::Illuminate\\Container\\{closure}()
#12 /Applications/MAMP/htdocs/bookimaki2/vendor/illuminate/container/BoundMethod.php(93): Illuminate\\Container\\Util::unwrapIfClosure(Object(Closure))
#13 /Applications/MAMP/htdocs/bookimaki2/vendor/illuminate/container/BoundMethod.php(37): Illuminate\\Container\\BoundMethod::callBoundMethod(Object(Laravel\\Lumen\\Application), Array, Object(Closure))
#14 /Applications/MAMP/htdocs/bookimaki2/vendor/illuminate/container/Container.php(596): Illuminate\\Container\\BoundMethod::call(Object(Laravel\\Lumen\\Application), Array, Array, NULL)
#15 /Applications/MAMP/htdocs/bookimaki2/vendor/laravel/lumen-framework/src/Concerns/RoutesRequests.php(386): Illuminate\\Container\\Container->call(Array, Array)
#16 /Applications/MAMP/htdocs/bookimaki2/vendor/laravel/lumen-framework/src/Concerns/RoutesRequests.php(352): Laravel\\Lumen\\Application->callControllerCallable(Array, Array)
#17 /Applications/MAMP/htdocs/bookimaki2/vendor/laravel/lumen-framework/src/Concerns/RoutesRequests.php(326): Laravel\\Lumen\\Application->callLumenController(Object(App\\Http\\Controllers\\RequestPasswordController), 'sendResetLinkEm...', Array)
#18 /Applications/MAMP/htdocs/bookimaki2/vendor/laravel/lumen-framework/src/Concerns/RoutesRequests.php(279): Laravel\\Lumen\\Application->callControllerAction(Array)
#19 /Applications/MAMP/htdocs/bookimaki2/vendor/laravel/lumen-framework/src/Concerns/RoutesRequests.php(264): Laravel\\Lumen\\Application->callActionOnArrayBasedRoute(Array)
#20 /Applications/MAMP/htdocs/bookimaki2/vendor/laravel/lumen-framework/src/Concerns/RoutesRequests.php(166): Laravel\\Lumen\\Application->handleFoundRoute(Array)
#21 /Applications/MAMP/htdocs/bookimaki2/vendor/laravel/lumen-framework/src/Concerns/RoutesRequests.php(426): Laravel\\Lumen\\Application->Laravel\\Lumen\\Concerns\\{closure}(Object(Laravel\\Lumen\\Http\\Request))
#22 /Applications/MAMP/htdocs/bookimaki2/vendor/laravel/lumen-framework/src/Concerns/RoutesRequests.php(172): Laravel\\Lumen\\Application->sendThroughPipeline(Array, Object(Closure))
#23 /Applications/MAMP/htdocs/bookimaki2/vendor/laravel/lumen-framework/src/Concerns/RoutesRequests.php(109): Laravel\\Lumen\\Application->dispatch(NULL)
#24 /Applications/MAMP/htdocs/bookimaki2/public/index.php(28): Laravel\\Lumen\\Application->run()
#25 {main}
"} 
[2020-10-25 14:13:52] local.ERROR: Target class [auth.password] does not exist. {"exception":"[object] (Illuminate\\Contracts\\Container\\BindingResolutionException(code: 0): Target class [auth.password] does not exist. at /Applications/MAMP/htdocs/bookimaki2/vendor/illuminate/container/Container.php:811)
[stacktrace]
#0 /Applications/MAMP/htdocs/bookimaki2/vendor/illuminate/container/Container.php(691): Illuminate\\Container\\Container->build('auth.password')
#1 /Applications/MAMP/htdocs/bookimaki2/vendor/illuminate/container/Container.php(637): Illuminate\\Container\\Container->resolve('auth.password', Array)
#2 /Applications/MAMP/htdocs/bookimaki2/vendor/laravel/lumen-framework/src/Application.php(300): Illuminate\\Container\\Container->make('auth.password', Array)
#3 /Applications/MAMP/htdocs/bookimaki2/vendor/illuminate/container/Container.php(1280): Laravel\\Lumen\\Application->make('auth.password')
#4 /Applications/MAMP/htdocs/bookimaki2/vendor/illuminate/support/Facades/Facade.php(198): Illuminate\\Container\\Container->offsetGet('auth.password')
#5 /Applications/MAMP/htdocs/bookimaki2/vendor/illuminate/support/Facades/Facade.php(166): Illuminate\\Support\\Facades\\Facade::resolveFacadeInstance('auth.password')
#6 /Applications/MAMP/htdocs/bookimaki2/vendor/illuminate/support/Facades/Facade.php(255): Illuminate\\Support\\Facades\\Facade::getFacadeRoot()
#7 /Applications/MAMP/htdocs/bookimaki2/app/Traits/SendsPasswordResetEmails.php(97): Illuminate\\Support\\Facades\\Facade::__callStatic('broker', Array)
#8 /Applications/MAMP/htdocs/bookimaki2/app/Traits/SendsPasswordResetEmails.php(25): App\\Http\\Controllers\\RequestPasswordController->broker()
#9 /Applications/MAMP/htdocs/bookimaki2/vendor/illuminate/container/BoundMethod.php(36): App\\Http\\Controllers\\RequestPasswordController->sendResetLinkEmail(Object(Laravel\\Lumen\\Http\\Request))
#10 /Applications/MAMP/htdocs/bookimaki2/vendor/illuminate/container/Util.php(40): Illuminate\\Container\\BoundMethod::Illuminate\\Container\\{closure}()
#11 /Applications/MAMP/htdocs/bookimaki2/vendor/illuminate/container/BoundMethod.php(93): Illuminate\\Container\\Util::unwrapIfClosure(Object(Closure))
#12 /Applications/MAMP/htdocs/bookimaki2/vendor/illuminate/container/BoundMethod.php(37): Illuminate\\Container\\BoundMethod::callBoundMethod(Object(Laravel\\Lumen\\Application), Array, Object(Closure))
#13 /Applications/MAMP/htdocs/bookimaki2/vendor/illuminate/container/Container.php(596): Illuminate\\Container\\BoundMethod::call(Object(Laravel\\Lumen\\Application), Array, Array, NULL)
#14 /Applications/MAMP/htdocs/bookimaki2/vendor/laravel/lumen-framework/src/Concerns/RoutesRequests.php(386): Illuminate\\Container\\Container->call(Array, Array)
#15 /Applications/MAMP/htdocs/bookimaki2/vendor/laravel/lumen-framework/src/Concerns/RoutesRequests.php(352): Laravel\\Lumen\\Application->callControllerCallable(Array, Array)
#16 /Applications/MAMP/htdocs/bookimaki2/vendor/laravel/lumen-framework/src/Concerns/RoutesRequests.php(326): Laravel\\Lumen\\Application->callLumenController(Object(App\\Http\\Controllers\\RequestPasswordController), 'sendResetLinkEm...', Array)
#17 /Applications/MAMP/htdocs/bookimaki2/vendor/laravel/lumen-framework/src/Concerns/RoutesRequests.php(279): Laravel\\Lumen\\Application->callControllerAction(Array)
#18 /Applications/MAMP/htdocs/bookimaki2/vendor/laravel/lumen-framework/src/Concerns/RoutesRequests.php(264): Laravel\\Lumen\\Application->callActionOnArrayBasedRoute(Array)
#19 /Applications/MAMP/htdocs/bookimaki2/vendor/laravel/lumen-framework/src/Concerns/RoutesRequests.php(166): Laravel\\Lumen\\Application->handleFoundRoute(Array)
#20 /Applications/MAMP/htdocs/bookimaki2/vendor/laravel/lumen-framework/src/Concerns/RoutesRequests.php(426): Laravel\\Lumen\\Application->Laravel\\Lumen\\Concerns\\{closure}(Object(Laravel\\Lumen\\Http\\Request))
#21 /Applications/MAMP/htdocs/bookimaki2/vendor/laravel/lumen-framework/src/Concerns/RoutesRequests.php(172): Laravel\\Lumen\\Application->sendThroughPipeline(Array, Object(Closure))
#22 /Applications/MAMP/htdocs/bookimaki2/vendor/laravel/lumen-framework/src/Concerns/RoutesRequests.php(109): Laravel\\Lumen\\Application->dispatch(NULL)
#23 /Applications/MAMP/htdocs/bookimaki2/public/index.php(28): Laravel\\Lumen\\Application->run()
#24 {main}

[previous exception] [object] (ReflectionException(code: -1): Class auth.password does not exist at /Applications/MAMP/htdocs/bookimaki2/vendor/illuminate/container/Container.php:809)
[stacktrace]
#0 /Applications/MAMP/htdocs/bookimaki2/vendor/illuminate/container/Container.php(809): ReflectionClass->__construct('auth.password')
#1 /Applications/MAMP/htdocs/bookimaki2/vendor/illuminate/container/Container.php(691): Illuminate\\Container\\Container->build('auth.password')
#2 /Applications/MAMP/htdocs/bookimaki2/vendor/illuminate/container/Container.php(637): Illuminate\\Container\\Container->resolve('auth.password', Array)
#3 /Applications/MAMP/htdocs/bookimaki2/vendor/laravel/lumen-framework/src/Application.php(300): Illuminate\\Container\\Container->make('auth.password', Array)
#4 /Applications/MAMP/htdocs/bookimaki2/vendor/illuminate/container/Container.php(1280): Laravel\\Lumen\\Application->make('auth.password')
#5 /Applications/MAMP/htdocs/bookimaki2/vendor/illuminate/support/Facades/Facade.php(198): Illuminate\\Container\\Container->offsetGet('auth.password')
#6 /Applications/MAMP/htdocs/bookimaki2/vendor/illuminate/support/Facades/Facade.php(166): Illuminate\\Support\\Facades\\Facade::resolveFacadeInstance('auth.password')
#7 /Applications/MAMP/htdocs/bookimaki2/vendor/illuminate/support/Facades/Facade.php(255): Illuminate\\Support\\Facades\\Facade::getFacadeRoot()
#8 /Applications/MAMP/htdocs/bookimaki2/app/Traits/SendsPasswordResetEmails.php(97): Illuminate\\Support\\Facades\\Facade::__callStatic('broker', Array)
#9 /Applications/MAMP/htdocs/bookimaki2/app/Traits/SendsPasswordResetEmails.php(25): App\\Http\\Controllers\\RequestPasswordController->broker()
#10 /Applications/MAMP/htdocs/bookimaki2/vendor/illuminate/container/BoundMethod.php(36): App\\Http\\Controllers\\RequestPasswordController->sendResetLinkEmail(Object(Laravel\\Lumen\\Http\\Request))
#11 /Applications/MAMP/htdocs/bookimaki2/vendor/illuminate/container/Util.php(40): Illuminate\\Container\\BoundMethod::Illuminate\\Container\\{closure}()
#12 /Applications/MAMP/htdocs/bookimaki2/vendor/illuminate/container/BoundMethod.php(93): Illuminate\\Container\\Util::unwrapIfClosure(Object(Closure))
#13 /Applications/MAMP/htdocs/bookimaki2/vendor/illuminate/container/BoundMethod.php(37): Illuminate\\Container\\BoundMethod::callBoundMethod(Object(Laravel\\Lumen\\Application), Array, Object(Closure))
#14 /Applications/MAMP/htdocs/bookimaki2/vendor/illuminate/container/Container.php(596): Illuminate\\Container\\BoundMethod::call(Object(Laravel\\Lumen\\Application), Array, Array, NULL)
#15 /Applications/MAMP/htdocs/bookimaki2/vendor/laravel/lumen-framework/src/Concerns/RoutesRequests.php(386): Illuminate\\Container\\Container->call(Array, Array)
#16 /Applications/MAMP/htdocs/bookimaki2/vendor/laravel/lumen-framework/src/Concerns/RoutesRequests.php(352): Laravel\\Lumen\\Application->callControllerCallable(Array, Array)
#17 /Applications/MAMP/htdocs/bookimaki2/vendor/laravel/lumen-framework/src/Concerns/RoutesRequests.php(326): Laravel\\Lumen\\Application->callLumenController(Object(App\\Http\\Controllers\\RequestPasswordController), 'sendResetLinkEm...', Array)
#18 /Applications/MAMP/htdocs/bookimaki2/vendor/laravel/lumen-framework/src/Concerns/RoutesRequests.php(279): Laravel\\Lumen\\Application->callControllerAction(Array)
#19 /Applications/MAMP/htdocs/bookimaki2/vendor/laravel/lumen-framework/src/Concerns/RoutesRequests.php(264): Laravel\\Lumen\\Application->callActionOnArrayBasedRoute(Array)
#20 /Applications/MAMP/htdocs/bookimaki2/vendor/laravel/lumen-framework/src/Concerns/RoutesRequests.php(166): Laravel\\Lumen\\Application->handleFoundRoute(Array)
#21 /Applications/MAMP/htdocs/bookimaki2/vendor/laravel/lumen-framework/src/Concerns/RoutesRequests.php(426): Laravel\\Lumen\\Application->Laravel\\Lumen\\Concerns\\{closure}(Object(Laravel\\Lumen\\Http\\Request))
#22 /Applications/MAMP/htdocs/bookimaki2/vendor/laravel/lumen-framework/src/Concerns/RoutesRequests.php(172): Laravel\\Lumen\\Application->sendThroughPipeline(Array, Object(Closure))
#23 /Applications/MAMP/htdocs/bookimaki2/vendor/laravel/lumen-framework/src/Concerns/RoutesRequests.php(109): Laravel\\Lumen\\Application->dispatch(NULL)
#24 /Applications/MAMP/htdocs/bookimaki2/public/index.php(28): Laravel\\Lumen\\Application->run()
#25 {main}
"} 
[2020-10-25 14:14:05] local.ERROR: Target class [auth.password] does not exist. {"exception":"[object] (Illuminate\\Contracts\\Container\\BindingResolutionException(code: 0): Target class [auth.password] does not exist. at /Applications/MAMP/htdocs/bookimaki2/vendor/illuminate/container/Container.php:811)
[stacktrace]
#0 /Applications/MAMP/htdocs/bookimaki2/vendor/illuminate/container/Container.php(691): Illuminate\\Container\\Container->build('auth.password')
#1 /Applications/MAMP/htdocs/bookimaki2/vendor/illuminate/container/Container.php(637): Illuminate\\Container\\Container->resolve('auth.password', Array)
#2 /Applications/MAMP/htdocs/bookimaki2/vendor/laravel/lumen-framework/src/Application.php(300): Illuminate\\Container\\Container->make('auth.password', Array)
#3 /Applications/MAMP/htdocs/bookimaki2/vendor/illuminate/container/Container.php(1280): Laravel\\Lumen\\Application->make('auth.password')
#4 /Applications/MAMP/htdocs/bookimaki2/vendor/illuminate/support/Facades/Facade.php(198): Illuminate\\Container\\Container->offsetGet('auth.password')
#5 /Applications/MAMP/htdocs/bookimaki2/vendor/illuminate/support/Facades/Facade.php(166): Illuminate\\Support\\Facades\\Facade::resolveFacadeInstance('auth.password')
#6 /Applications/MAMP/htdocs/bookimaki2/vendor/illuminate/support/Facades/Facade.php(255): Illuminate\\Support\\Facades\\Facade::getFacadeRoot()
#7 /Applications/MAMP/htdocs/bookimaki2/app/Traits/SendsPasswordResetEmails.php(97): Illuminate\\Support\\Facades\\Facade::__callStatic('broker', Array)
#8 /Applications/MAMP/htdocs/bookimaki2/app/Traits/SendsPasswordResetEmails.php(25): App\\Http\\Controllers\\RequestPasswordController->broker()
#9 /Applications/MAMP/htdocs/bookimaki2/vendor/illuminate/container/BoundMethod.php(36): App\\Http\\Controllers\\RequestPasswordController->sendResetLinkEmail(Object(Laravel\\Lumen\\Http\\Request))
#10 /Applications/MAMP/htdocs/bookimaki2/vendor/illuminate/container/Util.php(40): Illuminate\\Container\\BoundMethod::Illuminate\\Container\\{closure}()
#11 /Applications/MAMP/htdocs/bookimaki2/vendor/illuminate/container/BoundMethod.php(93): Illuminate\\Container\\Util::unwrapIfClosure(Object(Closure))
#12 /Applications/MAMP/htdocs/bookimaki2/vendor/illuminate/container/BoundMethod.php(37): Illuminate\\Container\\BoundMethod::callBoundMethod(Object(Laravel\\Lumen\\Application), Array, Object(Closure))
#13 /Applications/MAMP/htdocs/bookimaki2/vendor/illuminate/container/Container.php(596): Illuminate\\Container\\BoundMethod::call(Object(Laravel\\Lumen\\Application), Array, Array, NULL)
#14 /Applications/MAMP/htdocs/bookimaki2/vendor/laravel/lumen-framework/src/Concerns/RoutesRequests.php(386): Illuminate\\Container\\Container->call(Array, Array)
#15 /Applications/MAMP/htdocs/bookimaki2/vendor/laravel/lumen-framework/src/Concerns/RoutesRequests.php(352): Laravel\\Lumen\\Application->callControllerCallable(Array, Array)
#16 /Applications/MAMP/htdocs/bookimaki2/vendor/laravel/lumen-framework/src/Concerns/RoutesRequests.php(326): Laravel\\Lumen\\Application->callLumenController(Object(App\\Http\\Controllers\\RequestPasswordController), 'sendResetLinkEm...', Array)
#17 /Applications/MAMP/htdocs/bookimaki2/vendor/laravel/lumen-framework/src/Concerns/RoutesRequests.php(279): Laravel\\Lumen\\Application->callControllerAction(Array)
#18 /Applications/MAMP/htdocs/bookimaki2/vendor/laravel/lumen-framework/src/Concerns/RoutesRequests.php(264): Laravel\\Lumen\\Application->callActionOnArrayBasedRoute(Array)
#19 /Applications/MAMP/htdocs/bookimaki2/vendor/laravel/lumen-framework/src/Concerns/RoutesRequests.php(166): Laravel\\Lumen\\Application->handleFoundRoute(Array)
#20 /Applications/MAMP/htdocs/bookimaki2/vendor/laravel/lumen-framework/src/Concerns/RoutesRequests.php(426): Laravel\\Lumen\\Application->Laravel\\Lumen\\Concerns\\{closure}(Object(Laravel\\Lumen\\Http\\Request))
#21 /Applications/MAMP/htdocs/bookimaki2/vendor/laravel/lumen-framework/src/Concerns/RoutesRequests.php(172): Laravel\\Lumen\\Application->sendThroughPipeline(Array, Object(Closure))
#22 /Applications/MAMP/htdocs/bookimaki2/vendor/laravel/lumen-framework/src/Concerns/RoutesRequests.php(109): Laravel\\Lumen\\Application->dispatch(NULL)
#23 /Applications/MAMP/htdocs/bookimaki2/public/index.php(28): Laravel\\Lumen\\Application->run()
#24 {main}

[previous exception] [object] (ReflectionException(code: -1): Class auth.password does not exist at /Applications/MAMP/htdocs/bookimaki2/vendor/illuminate/container/Container.php:809)
[stacktrace]
#0 /Applications/MAMP/htdocs/bookimaki2/vendor/illuminate/container/Container.php(809): ReflectionClass->__construct('auth.password')
#1 /Applications/MAMP/htdocs/bookimaki2/vendor/illuminate/container/Container.php(691): Illuminate\\Container\\Container->build('auth.password')
#2 /Applications/MAMP/htdocs/bookimaki2/vendor/illuminate/container/Container.php(637): Illuminate\\Container\\Container->resolve('auth.password', Array)
#3 /Applications/MAMP/htdocs/bookimaki2/vendor/laravel/lumen-framework/src/Application.php(300): Illuminate\\Container\\Container->make('auth.password', Array)
#4 /Applications/MAMP/htdocs/bookimaki2/vendor/illuminate/container/Container.php(1280): Laravel\\Lumen\\Application->make('auth.password')
#5 /Applications/MAMP/htdocs/bookimaki2/vendor/illuminate/support/Facades/Facade.php(198): Illuminate\\Container\\Container->offsetGet('auth.password')
#6 /Applications/MAMP/htdocs/bookimaki2/vendor/illuminate/support/Facades/Facade.php(166): Illuminate\\Support\\Facades\\Facade::resolveFacadeInstance('auth.password')
#7 /Applications/MAMP/htdocs/bookimaki2/vendor/illuminate/support/Facades/Facade.php(255): Illuminate\\Support\\Facades\\Facade::getFacadeRoot()
#8 /Applications/MAMP/htdocs/bookimaki2/app/Traits/SendsPasswordResetEmails.php(97): Illuminate\\Support\\Facades\\Facade::__callStatic('broker', Array)
#9 /Applications/MAMP/htdocs/bookimaki2/app/Traits/SendsPasswordResetEmails.php(25): App\\Http\\Controllers\\RequestPasswordController->broker()
#10 /Applications/MAMP/htdocs/bookimaki2/vendor/illuminate/container/BoundMethod.php(36): App\\Http\\Controllers\\RequestPasswordController->sendResetLinkEmail(Object(Laravel\\Lumen\\Http\\Request))
#11 /Applications/MAMP/htdocs/bookimaki2/vendor/illuminate/container/Util.php(40): Illuminate\\Container\\BoundMethod::Illuminate\\Container\\{closure}()
#12 /Applications/MAMP/htdocs/bookimaki2/vendor/illuminate/container/BoundMethod.php(93): Illuminate\\Container\\Util::unwrapIfClosure(Object(Closure))
#13 /Applications/MAMP/htdocs/bookimaki2/vendor/illuminate/container/BoundMethod.php(37): Illuminate\\Container\\BoundMethod::callBoundMethod(Object(Laravel\\Lumen\\Application), Array, Object(Closure))
#14 /Applications/MAMP/htdocs/bookimaki2/vendor/illuminate/container/Container.php(596): Illuminate\\Container\\BoundMethod::call(Object(Laravel\\Lumen\\Application), Array, Array, NULL)
#15 /Applications/MAMP/htdocs/bookimaki2/vendor/laravel/lumen-framework/src/Concerns/RoutesRequests.php(386): Illuminate\\Container\\Container->call(Array, Array)
#16 /Applications/MAMP/htdocs/bookimaki2/vendor/laravel/lumen-framework/src/Concerns/RoutesRequests.php(352): Laravel\\Lumen\\Application->callControllerCallable(Array, Array)
#17 /Applications/MAMP/htdocs/bookimaki2/vendor/laravel/lumen-framework/src/Concerns/RoutesRequests.php(326): Laravel\\Lumen\\Application->callLumenController(Object(App\\Http\\Controllers\\RequestPasswordController), 'sendResetLinkEm...', Array)
#18 /Applications/MAMP/htdocs/bookimaki2/vendor/laravel/lumen-framework/src/Concerns/RoutesRequests.php(279): Laravel\\Lumen\\Application->callControllerAction(Array)
#19 /Applications/MAMP/htdocs/bookimaki2/vendor/laravel/lumen-framework/src/Concerns/RoutesRequests.php(264): Laravel\\Lumen\\Application->callActionOnArrayBasedRoute(Array)
#20 /Applications/MAMP/htdocs/bookimaki2/vendor/laravel/lumen-framework/src/Concerns/RoutesRequests.php(166): Laravel\\Lumen\\Application->handleFoundRoute(Array)
#21 /Applications/MAMP/htdocs/bookimaki2/vendor/laravel/lumen-framework/src/Concerns/RoutesRequests.php(426): Laravel\\Lumen\\Application->Laravel\\Lumen\\Concerns\\{closure}(Object(Laravel\\Lumen\\Http\\Request))
#22 /Applications/MAMP/htdocs/bookimaki2/vendor/laravel/lumen-framework/src/Concerns/RoutesRequests.php(172): Laravel\\Lumen\\Application->sendThroughPipeline(Array, Object(Closure))
#23 /Applications/MAMP/htdocs/bookimaki2/vendor/laravel/lumen-framework/src/Concerns/RoutesRequests.php(109): Laravel\\Lumen\\Application->dispatch(NULL)
#24 /Applications/MAMP/htdocs/bookimaki2/public/index.php(28): Laravel\\Lumen\\Application->run()
#25 {main}
"} 
[2020-10-25 14:27:52] local.ERROR: Target class [auth.password] does not exist. {"exception":"[object] (Illuminate\\Contracts\\Container\\BindingResolutionException(code: 0): Target class [auth.password] does not exist. at /Applications/MAMP/htdocs/bookimaki2/vendor/illuminate/container/Container.php:811)
[stacktrace]
#0 /Applications/MAMP/htdocs/bookimaki2/vendor/illuminate/container/Container.php(691): Illuminate\\Container\\Container->build('auth.password')
#1 /Applications/MAMP/htdocs/bookimaki2/vendor/illuminate/container/Container.php(637): Illuminate\\Container\\Container->resolve('auth.password', Array)
#2 /Applications/MAMP/htdocs/bookimaki2/vendor/laravel/lumen-framework/src/Application.php(300): Illuminate\\Container\\Container->make('auth.password', Array)
#3 /Applications/MAMP/htdocs/bookimaki2/vendor/illuminate/container/Container.php(1280): Laravel\\Lumen\\Application->make('auth.password')
#4 /Applications/MAMP/htdocs/bookimaki2/vendor/illuminate/support/Facades/Facade.php(198): Illuminate\\Container\\Container->offsetGet('auth.password')
#5 /Applications/MAMP/htdocs/bookimaki2/vendor/illuminate/support/Facades/Facade.php(166): Illuminate\\Support\\Facades\\Facade::resolveFacadeInstance('auth.password')
#6 /Applications/MAMP/htdocs/bookimaki2/vendor/illuminate/support/Facades/Facade.php(255): Illuminate\\Support\\Facades\\Facade::getFacadeRoot()
#7 /Applications/MAMP/htdocs/bookimaki2/app/Traits/SendsPasswordResetEmails.php(30): Illuminate\\Support\\Facades\\Facade::__callStatic('sendResetLink', Array)
#8 /Applications/MAMP/htdocs/bookimaki2/vendor/illuminate/container/BoundMethod.php(36): App\\Http\\Controllers\\RequestPasswordController->sendResetLinkEmail(Object(Laravel\\Lumen\\Http\\Request))
#9 /Applications/MAMP/htdocs/bookimaki2/vendor/illuminate/container/Util.php(40): Illuminate\\Container\\BoundMethod::Illuminate\\Container\\{closure}()
#10 /Applications/MAMP/htdocs/bookimaki2/vendor/illuminate/container/BoundMethod.php(93): Illuminate\\Container\\Util::unwrapIfClosure(Object(Closure))
#11 /Applications/MAMP/htdocs/bookimaki2/vendor/illuminate/container/BoundMethod.php(37): Illuminate\\Container\\BoundMethod::callBoundMethod(Object(Laravel\\Lumen\\Application), Array, Object(Closure))
#12 /Applications/MAMP/htdocs/bookimaki2/vendor/illuminate/container/Container.php(596): Illuminate\\Container\\BoundMethod::call(Object(Laravel\\Lumen\\Application), Array, Array, NULL)
#13 /Applications/MAMP/htdocs/bookimaki2/vendor/laravel/lumen-framework/src/Concerns/RoutesRequests.php(386): Illuminate\\Container\\Container->call(Array, Array)
#14 /Applications/MAMP/htdocs/bookimaki2/vendor/laravel/lumen-framework/src/Concerns/RoutesRequests.php(352): Laravel\\Lumen\\Application->callControllerCallable(Array, Array)
#15 /Applications/MAMP/htdocs/bookimaki2/vendor/laravel/lumen-framework/src/Concerns/RoutesRequests.php(326): Laravel\\Lumen\\Application->callLumenController(Object(App\\Http\\Controllers\\RequestPasswordController), 'sendResetLinkEm...', Array)
#16 /Applications/MAMP/htdocs/bookimaki2/vendor/laravel/lumen-framework/src/Concerns/RoutesRequests.php(279): Laravel\\Lumen\\Application->callControllerAction(Array)
#17 /Applications/MAMP/htdocs/bookimaki2/vendor/laravel/lumen-framework/src/Concerns/RoutesRequests.php(264): Laravel\\Lumen\\Application->callActionOnArrayBasedRoute(Array)
#18 /Applications/MAMP/htdocs/bookimaki2/vendor/laravel/lumen-framework/src/Concerns/RoutesRequests.php(166): Laravel\\Lumen\\Application->handleFoundRoute(Array)
#19 /Applications/MAMP/htdocs/bookimaki2/vendor/laravel/lumen-framework/src/Concerns/RoutesRequests.php(426): Laravel\\Lumen\\Application->Laravel\\Lumen\\Concerns\\{closure}(Object(Laravel\\Lumen\\Http\\Request))
#20 /Applications/MAMP/htdocs/bookimaki2/vendor/laravel/lumen-framework/src/Concerns/RoutesRequests.php(172): Laravel\\Lumen\\Application->sendThroughPipeline(Array, Object(Closure))
#21 /Applications/MAMP/htdocs/bookimaki2/vendor/laravel/lumen-framework/src/Concerns/RoutesRequests.php(109): Laravel\\Lumen\\Application->dispatch(NULL)
#22 /Applications/MAMP/htdocs/bookimaki2/public/index.php(28): Laravel\\Lumen\\Application->run()
#23 {main}

[previous exception] [object] (ReflectionException(code: -1): Class auth.password does not exist at /Applications/MAMP/htdocs/bookimaki2/vendor/illuminate/container/Container.php:809)
[stacktrace]
#0 /Applications/MAMP/htdocs/bookimaki2/vendor/illuminate/container/Container.php(809): ReflectionClass->__construct('auth.password')
#1 /Applications/MAMP/htdocs/bookimaki2/vendor/illuminate/container/Container.php(691): Illuminate\\Container\\Container->build('auth.password')
#2 /Applications/MAMP/htdocs/bookimaki2/vendor/illuminate/container/Container.php(637): Illuminate\\Container\\Container->resolve('auth.password', Array)
#3 /Applications/MAMP/htdocs/bookimaki2/vendor/laravel/lumen-framework/src/Application.php(300): Illuminate\\Container\\Container->make('auth.password', Array)
#4 /Applications/MAMP/htdocs/bookimaki2/vendor/illuminate/container/Container.php(1280): Laravel\\Lumen\\Application->make('auth.password')
#5 /Applications/MAMP/htdocs/bookimaki2/vendor/illuminate/support/Facades/Facade.php(198): Illuminate\\Container\\Container->offsetGet('auth.password')
#6 /Applications/MAMP/htdocs/bookimaki2/vendor/illuminate/support/Facades/Facade.php(166): Illuminate\\Support\\Facades\\Facade::resolveFacadeInstance('auth.password')
#7 /Applications/MAMP/htdocs/bookimaki2/vendor/illuminate/support/Facades/Facade.php(255): Illuminate\\Support\\Facades\\Facade::getFacadeRoot()
#8 /Applications/MAMP/htdocs/bookimaki2/app/Traits/SendsPasswordResetEmails.php(30): Illuminate\\Support\\Facades\\Facade::__callStatic('sendResetLink', Array)
#9 /Applications/MAMP/htdocs/bookimaki2/vendor/illuminate/container/BoundMethod.php(36): App\\Http\\Controllers\\RequestPasswordController->sendResetLinkEmail(Object(Laravel\\Lumen\\Http\\Request))
#10 /Applications/MAMP/htdocs/bookimaki2/vendor/illuminate/container/Util.php(40): Illuminate\\Container\\BoundMethod::Illuminate\\Container\\{closure}()
#11 /Applications/MAMP/htdocs/bookimaki2/vendor/illuminate/container/BoundMethod.php(93): Illuminate\\Container\\Util::unwrapIfClosure(Object(Closure))
#12 /Applications/MAMP/htdocs/bookimaki2/vendor/illuminate/container/BoundMethod.php(37): Illuminate\\Container\\BoundMethod::callBoundMethod(Object(Laravel\\Lumen\\Application), Array, Object(Closure))
#13 /Applications/MAMP/htdocs/bookimaki2/vendor/illuminate/container/Container.php(596): Illuminate\\Container\\BoundMethod::call(Object(Laravel\\Lumen\\Application), Array, Array, NULL)
#14 /Applications/MAMP/htdocs/bookimaki2/vendor/laravel/lumen-framework/src/Concerns/RoutesRequests.php(386): Illuminate\\Container\\Container->call(Array, Array)
#15 /Applications/MAMP/htdocs/bookimaki2/vendor/laravel/lumen-framework/src/Concerns/RoutesRequests.php(352): Laravel\\Lumen\\Application->callControllerCallable(Array, Array)
#16 /Applications/MAMP/htdocs/bookimaki2/vendor/laravel/lumen-framework/src/Concerns/RoutesRequests.php(326): Laravel\\Lumen\\Application->callLumenController(Object(App\\Http\\Controllers\\RequestPasswordController), 'sendResetLinkEm...', Array)
#17 /Applications/MAMP/htdocs/bookimaki2/vendor/laravel/lumen-framework/src/Concerns/RoutesRequests.php(279): Laravel\\Lumen\\Application->callControllerAction(Array)
#18 /Applications/MAMP/htdocs/bookimaki2/vendor/laravel/lumen-framework/src/Concerns/RoutesRequests.php(264): Laravel\\Lumen\\Application->callActionOnArrayBasedRoute(Array)
#19 /Applications/MAMP/htdocs/bookimaki2/vendor/laravel/lumen-framework/src/Concerns/RoutesRequests.php(166): Laravel\\Lumen\\Application->handleFoundRoute(Array)
#20 /Applications/MAMP/htdocs/bookimaki2/vendor/laravel/lumen-framework/src/Concerns/RoutesRequests.php(426): Laravel\\Lumen\\Application->Laravel\\Lumen\\Concerns\\{closure}(Object(Laravel\\Lumen\\Http\\Request))
#21 /Applications/MAMP/htdocs/bookimaki2/vendor/laravel/lumen-framework/src/Concerns/RoutesRequests.php(172): Laravel\\Lumen\\Application->sendThroughPipeline(Array, Object(Closure))
#22 /Applications/MAMP/htdocs/bookimaki2/vendor/laravel/lumen-framework/src/Concerns/RoutesRequests.php(109): Laravel\\Lumen\\Application->dispatch(NULL)
#23 /Applications/MAMP/htdocs/bookimaki2/public/index.php(28): Laravel\\Lumen\\Application->run()
#24 {main}
"} 
[2020-10-25 14:43:23] local.ERROR: Target class [auth.password] does not exist. {"exception":"[object] (Illuminate\\Contracts\\Container\\BindingResolutionException(code: 0): Target class [auth.password] does not exist. at /Applications/MAMP/htdocs/bookimaki2/vendor/illuminate/container/Container.php:811)
[stacktrace]
#0 /Applications/MAMP/htdocs/bookimaki2/vendor/illuminate/container/Container.php(691): Illuminate\\Container\\Container->build('auth.password')
#1 /Applications/MAMP/htdocs/bookimaki2/vendor/illuminate/container/Container.php(637): Illuminate\\Container\\Container->resolve('auth.password', Array)
#2 /Applications/MAMP/htdocs/bookimaki2/vendor/laravel/lumen-framework/src/Application.php(300): Illuminate\\Container\\Container->make('auth.password', Array)
#3 /Applications/MAMP/htdocs/bookimaki2/vendor/illuminate/container/Container.php(1280): Laravel\\Lumen\\Application->make('auth.password')
#4 /Applications/MAMP/htdocs/bookimaki2/vendor/illuminate/support/Facades/Facade.php(198): Illuminate\\Container\\Container->offsetGet('auth.password')
#5 /Applications/MAMP/htdocs/bookimaki2/vendor/illuminate/support/Facades/Facade.php(166): Illuminate\\Support\\Facades\\Facade::resolveFacadeInstance('auth.password')
#6 /Applications/MAMP/htdocs/bookimaki2/vendor/illuminate/support/Facades/Facade.php(255): Illuminate\\Support\\Facades\\Facade::getFacadeRoot()
#7 /Applications/MAMP/htdocs/bookimaki2/app/Traits/SendsPasswordResetEmails.php(30): Illuminate\\Support\\Facades\\Facade::__callStatic('sendResetLink', Array)
#8 /Applications/MAMP/htdocs/bookimaki2/vendor/illuminate/container/BoundMethod.php(36): App\\Http\\Controllers\\RequestPasswordController->sendResetLinkEmail(Object(Laravel\\Lumen\\Http\\Request))
#9 /Applications/MAMP/htdocs/bookimaki2/vendor/illuminate/container/Util.php(40): Illuminate\\Container\\BoundMethod::Illuminate\\Container\\{closure}()
#10 /Applications/MAMP/htdocs/bookimaki2/vendor/illuminate/container/BoundMethod.php(93): Illuminate\\Container\\Util::unwrapIfClosure(Object(Closure))
#11 /Applications/MAMP/htdocs/bookimaki2/vendor/illuminate/container/BoundMethod.php(37): Illuminate\\Container\\BoundMethod::callBoundMethod(Object(Laravel\\Lumen\\Application), Array, Object(Closure))
#12 /Applications/MAMP/htdocs/bookimaki2/vendor/illuminate/container/Container.php(596): Illuminate\\Container\\BoundMethod::call(Object(Laravel\\Lumen\\Application), Array, Array, NULL)
#13 /Applications/MAMP/htdocs/bookimaki2/vendor/laravel/lumen-framework/src/Concerns/RoutesRequests.php(386): Illuminate\\Container\\Container->call(Array, Array)
#14 /Applications/MAMP/htdocs/bookimaki2/vendor/laravel/lumen-framework/src/Concerns/RoutesRequests.php(352): Laravel\\Lumen\\Application->callControllerCallable(Array, Array)
#15 /Applications/MAMP/htdocs/bookimaki2/vendor/laravel/lumen-framework/src/Concerns/RoutesRequests.php(326): Laravel\\Lumen\\Application->callLumenController(Object(App\\Http\\Controllers\\RequestPasswordController), 'sendResetLinkEm...', Array)
#16 /Applications/MAMP/htdocs/bookimaki2/vendor/laravel/lumen-framework/src/Concerns/RoutesRequests.php(279): Laravel\\Lumen\\Application->callControllerAction(Array)
#17 /Applications/MAMP/htdocs/bookimaki2/vendor/laravel/lumen-framework/src/Concerns/RoutesRequests.php(264): Laravel\\Lumen\\Application->callActionOnArrayBasedRoute(Array)
#18 /Applications/MAMP/htdocs/bookimaki2/vendor/laravel/lumen-framework/src/Concerns/RoutesRequests.php(166): Laravel\\Lumen\\Application->handleFoundRoute(Array)
#19 /Applications/MAMP/htdocs/bookimaki2/vendor/laravel/lumen-framework/src/Concerns/RoutesRequests.php(426): Laravel\\Lumen\\Application->Laravel\\Lumen\\Concerns\\{closure}(Object(Laravel\\Lumen\\Http\\Request))
#20 /Applications/MAMP/htdocs/bookimaki2/vendor/laravel/lumen-framework/src/Concerns/RoutesRequests.php(172): Laravel\\Lumen\\Application->sendThroughPipeline(Array, Object(Closure))
#21 /Applications/MAMP/htdocs/bookimaki2/vendor/laravel/lumen-framework/src/Concerns/RoutesRequests.php(109): Laravel\\Lumen\\Application->dispatch(NULL)
#22 /Applications/MAMP/htdocs/bookimaki2/public/index.php(28): Laravel\\Lumen\\Application->run()
#23 {main}

[previous exception] [object] (ReflectionException(code: -1): Class auth.password does not exist at /Applications/MAMP/htdocs/bookimaki2/vendor/illuminate/container/Container.php:809)
[stacktrace]
#0 /Applications/MAMP/htdocs/bookimaki2/vendor/illuminate/container/Container.php(809): ReflectionClass->__construct('auth.password')
#1 /Applications/MAMP/htdocs/bookimaki2/vendor/illuminate/container/Container.php(691): Illuminate\\Container\\Container->build('auth.password')
#2 /Applications/MAMP/htdocs/bookimaki2/vendor/illuminate/container/Container.php(637): Illuminate\\Container\\Container->resolve('auth.password', Array)
#3 /Applications/MAMP/htdocs/bookimaki2/vendor/laravel/lumen-framework/src/Application.php(300): Illuminate\\Container\\Container->make('auth.password', Array)
#4 /Applications/MAMP/htdocs/bookimaki2/vendor/illuminate/container/Container.php(1280): Laravel\\Lumen\\Application->make('auth.password')
#5 /Applications/MAMP/htdocs/bookimaki2/vendor/illuminate/support/Facades/Facade.php(198): Illuminate\\Container\\Container->offsetGet('auth.password')
#6 /Applications/MAMP/htdocs/bookimaki2/vendor/illuminate/support/Facades/Facade.php(166): Illuminate\\Support\\Facades\\Facade::resolveFacadeInstance('auth.password')
#7 /Applications/MAMP/htdocs/bookimaki2/vendor/illuminate/support/Facades/Facade.php(255): Illuminate\\Support\\Facades\\Facade::getFacadeRoot()
#8 /Applications/MAMP/htdocs/bookimaki2/app/Traits/SendsPasswordResetEmails.php(30): Illuminate\\Support\\Facades\\Facade::__callStatic('sendResetLink', Array)
#9 /Applications/MAMP/htdocs/bookimaki2/vendor/illuminate/container/BoundMethod.php(36): App\\Http\\Controllers\\RequestPasswordController->sendResetLinkEmail(Object(Laravel\\Lumen\\Http\\Request))
#10 /Applications/MAMP/htdocs/bookimaki2/vendor/illuminate/container/Util.php(40): Illuminate\\Container\\BoundMethod::Illuminate\\Container\\{closure}()
#11 /Applications/MAMP/htdocs/bookimaki2/vendor/illuminate/container/BoundMethod.php(93): Illuminate\\Container\\Util::unwrapIfClosure(Object(Closure))
#12 /Applications/MAMP/htdocs/bookimaki2/vendor/illuminate/container/BoundMethod.php(37): Illuminate\\Container\\BoundMethod::callBoundMethod(Object(Laravel\\Lumen\\Application), Array, Object(Closure))
#13 /Applications/MAMP/htdocs/bookimaki2/vendor/illuminate/container/Container.php(596): Illuminate\\Container\\BoundMethod::call(Object(Laravel\\Lumen\\Application), Array, Array, NULL)
#14 /Applications/MAMP/htdocs/bookimaki2/vendor/laravel/lumen-framework/src/Concerns/RoutesRequests.php(386): Illuminate\\Container\\Container->call(Array, Array)
#15 /Applications/MAMP/htdocs/bookimaki2/vendor/laravel/lumen-framework/src/Concerns/RoutesRequests.php(352): Laravel\\Lumen\\Application->callControllerCallable(Array, Array)
#16 /Applications/MAMP/htdocs/bookimaki2/vendor/laravel/lumen-framework/src/Concerns/RoutesRequests.php(326): Laravel\\Lumen\\Application->callLumenController(Object(App\\Http\\Controllers\\RequestPasswordController), 'sendResetLinkEm...', Array)
#17 /Applications/MAMP/htdocs/bookimaki2/vendor/laravel/lumen-framework/src/Concerns/RoutesRequests.php(279): Laravel\\Lumen\\Application->callControllerAction(Array)
#18 /Applications/MAMP/htdocs/bookimaki2/vendor/laravel/lumen-framework/src/Concerns/RoutesRequests.php(264): Laravel\\Lumen\\Application->callActionOnArrayBasedRoute(Array)
#19 /Applications/MAMP/htdocs/bookimaki2/vendor/laravel/lumen-framework/src/Concerns/RoutesRequests.php(166): Laravel\\Lumen\\Application->handleFoundRoute(Array)
#20 /Applications/MAMP/htdocs/bookimaki2/vendor/laravel/lumen-framework/src/Concerns/RoutesRequests.php(426): Laravel\\Lumen\\Application->Laravel\\Lumen\\Concerns\\{closure}(Object(Laravel\\Lumen\\Http\\Request))
#21 /Applications/MAMP/htdocs/bookimaki2/vendor/laravel/lumen-framework/src/Concerns/RoutesRequests.php(172): Laravel\\Lumen\\Application->sendThroughPipeline(Array, Object(Closure))
#22 /Applications/MAMP/htdocs/bookimaki2/vendor/laravel/lumen-framework/src/Concerns/RoutesRequests.php(109): Laravel\\Lumen\\Application->dispatch(NULL)
#23 /Applications/MAMP/htdocs/bookimaki2/public/index.php(28): Laravel\\Lumen\\Application->run()
#24 {main}
"} 
[2020-10-25 15:00:36] local.ERROR: syntax error, unexpected 'generateResetToken' (T_STRING), expecting function (T_FUNCTION) or const (T_CONST) {"exception":"[object] (ParseError(code: 0): syntax error, unexpected 'generateResetToken' (T_STRING), expecting function (T_FUNCTION) or const (T_CONST) at /Applications/MAMP/htdocs/bookimaki2/app/Http/Controllers/ResetPasswordController.php:10)
[stacktrace]
#0 /Applications/MAMP/htdocs/bookimaki2/vendor/composer/ClassLoader.php(322): Composer\\Autoload\\includeFile('/Applications/M...')
#1 [internal function]: Composer\\Autoload\\ClassLoader->loadClass('App\\\\Http\\\\Contro...')
#2 [internal function]: spl_autoload_call('App\\\\Http\\\\Contro...')
#3 /Applications/MAMP/htdocs/bookimaki2/vendor/illuminate/container/Container.php(809): ReflectionClass->__construct('App\\\\Http\\\\Contro...')
#4 /Applications/MAMP/htdocs/bookimaki2/vendor/illuminate/container/Container.php(691): Illuminate\\Container\\Container->build('App\\\\Http\\\\Contro...')
#5 /Applications/MAMP/htdocs/bookimaki2/vendor/illuminate/container/Container.php(637): Illuminate\\Container\\Container->resolve('App\\\\Http\\\\Contro...', Array)
#6 /Applications/MAMP/htdocs/bookimaki2/vendor/laravel/lumen-framework/src/Application.php(300): Illuminate\\Container\\Container->make('App\\\\Http\\\\Contro...', Array)
#7 /Applications/MAMP/htdocs/bookimaki2/vendor/laravel/lumen-framework/src/Concerns/RoutesRequests.php(321): Laravel\\Lumen\\Application->make('App\\\\Http\\\\Contro...')
#8 /Applications/MAMP/htdocs/bookimaki2/vendor/laravel/lumen-framework/src/Concerns/RoutesRequests.php(279): Laravel\\Lumen\\Application->callControllerAction(Array)
#9 /Applications/MAMP/htdocs/bookimaki2/vendor/laravel/lumen-framework/src/Concerns/RoutesRequests.php(264): Laravel\\Lumen\\Application->callActionOnArrayBasedRoute(Array)
#10 /Applications/MAMP/htdocs/bookimaki2/vendor/laravel/lumen-framework/src/Concerns/RoutesRequests.php(166): Laravel\\Lumen\\Application->handleFoundRoute(Array)
#11 /Applications/MAMP/htdocs/bookimaki2/vendor/laravel/lumen-framework/src/Concerns/RoutesRequests.php(426): Laravel\\Lumen\\Application->Laravel\\Lumen\\Concerns\\{closure}(Object(Laravel\\Lumen\\Http\\Request))
#12 /Applications/MAMP/htdocs/bookimaki2/vendor/laravel/lumen-framework/src/Concerns/RoutesRequests.php(172): Laravel\\Lumen\\Application->sendThroughPipeline(Array, Object(Closure))
#13 /Applications/MAMP/htdocs/bookimaki2/vendor/laravel/lumen-framework/src/Concerns/RoutesRequests.php(109): Laravel\\Lumen\\Application->dispatch(NULL)
#14 /Applications/MAMP/htdocs/bookimaki2/public/index.php(28): Laravel\\Lumen\\Application->run()
#15 {main}
"} 
[2020-10-25 15:13:05] local.ERROR: Undefined variable: status {"exception":"[object] (ErrorException(code: 0): Undefined variable: status at /Applications/MAMP/htdocs/bookimaki2/app/Http/Controllers/ResetPasswordController.php:17)
[stacktrace]
#0 /Applications/MAMP/htdocs/bookimaki2/app/Http/Controllers/ResetPasswordController.php(17): Laravel\\Lumen\\Application->Laravel\\Lumen\\Concerns\\{closure}(8, 'Undefined varia...', '/Applications/M...', 17, Array)
#1 /Applications/MAMP/htdocs/bookimaki2/vendor/illuminate/container/BoundMethod.php(36): App\\Http\\Controllers\\ResetPasswordController->generateResetToken(Object(Laravel\\Lumen\\Http\\Request))
#2 /Applications/MAMP/htdocs/bookimaki2/vendor/illuminate/container/Util.php(40): Illuminate\\Container\\BoundMethod::Illuminate\\Container\\{closure}()
#3 /Applications/MAMP/htdocs/bookimaki2/vendor/illuminate/container/BoundMethod.php(93): Illuminate\\Container\\Util::unwrapIfClosure(Object(Closure))
#4 /Applications/MAMP/htdocs/bookimaki2/vendor/illuminate/container/BoundMethod.php(37): Illuminate\\Container\\BoundMethod::callBoundMethod(Object(Laravel\\Lumen\\Application), Array, Object(Closure))
#5 /Applications/MAMP/htdocs/bookimaki2/vendor/illuminate/container/Container.php(596): Illuminate\\Container\\BoundMethod::call(Object(Laravel\\Lumen\\Application), Array, Array, NULL)
#6 /Applications/MAMP/htdocs/bookimaki2/vendor/laravel/lumen-framework/src/Concerns/RoutesRequests.php(386): Illuminate\\Container\\Container->call(Array, Array)
#7 /Applications/MAMP/htdocs/bookimaki2/vendor/laravel/lumen-framework/src/Concerns/RoutesRequests.php(352): Laravel\\Lumen\\Application->callControllerCallable(Array, Array)
#8 /Applications/MAMP/htdocs/bookimaki2/vendor/laravel/lumen-framework/src/Concerns/RoutesRequests.php(326): Laravel\\Lumen\\Application->callLumenController(Object(App\\Http\\Controllers\\ResetPasswordController), 'generateResetTo...', Array)
#9 /Applications/MAMP/htdocs/bookimaki2/vendor/laravel/lumen-framework/src/Concerns/RoutesRequests.php(279): Laravel\\Lumen\\Application->callControllerAction(Array)
#10 /Applications/MAMP/htdocs/bookimaki2/vendor/laravel/lumen-framework/src/Concerns/RoutesRequests.php(264): Laravel\\Lumen\\Application->callActionOnArrayBasedRoute(Array)
#11 /Applications/MAMP/htdocs/bookimaki2/vendor/laravel/lumen-framework/src/Concerns/RoutesRequests.php(166): Laravel\\Lumen\\Application->handleFoundRoute(Array)
#12 /Applications/MAMP/htdocs/bookimaki2/vendor/laravel/lumen-framework/src/Concerns/RoutesRequests.php(426): Laravel\\Lumen\\Application->Laravel\\Lumen\\Concerns\\{closure}(Object(Laravel\\Lumen\\Http\\Request))
#13 /Applications/MAMP/htdocs/bookimaki2/vendor/laravel/lumen-framework/src/Concerns/RoutesRequests.php(172): Laravel\\Lumen\\Application->sendThroughPipeline(Array, Object(Closure))
#14 /Applications/MAMP/htdocs/bookimaki2/vendor/laravel/lumen-framework/src/Concerns/RoutesRequests.php(109): Laravel\\Lumen\\Application->dispatch(NULL)
#15 /Applications/MAMP/htdocs/bookimaki2/public/index.php(28): Laravel\\Lumen\\Application->run()
#16 {main}
"} 
