[2020-10-27 09:48:16] local.ERROR: Too few arguments to function Illuminate\Support\Collection::get(), 0 passed in /Applications/MAMP/htdocs/bookimaki2/vendor/illuminate/support/Traits/ForwardsCalls.php on line 23 and at least 1 expected {"exception":"[object] (ArgumentCountError(code: 0): Too few arguments to function Illuminate\\Support\\Collection::get(), 0 passed in /Applications/MAMP/htdocs/bookimaki2/vendor/illuminate/support/Traits/ForwardsCalls.php on line 23 and at least 1 expected at /Applications/MAMP/htdocs/bookimaki2/vendor/illuminate/collections/Collection.php:405)
[stacktrace]
#0 /Applications/MAMP/htdocs/bookimaki2/vendor/illuminate/support/Traits/ForwardsCalls.php(23): Illuminate\\Support\\Collection->get()
#1 /Applications/MAMP/htdocs/bookimaki2/vendor/illuminate/pagination/AbstractPaginator.php(738): Illuminate\\Pagination\\AbstractPaginator->forwardCallTo(Object(Illuminate\\Database\\Eloquent\\Collection), 'get', Array)
#2 /Applications/MAMP/htdocs/bookimaki2/app/Http/Controllers/BookmarkController.php(30): Illuminate\\Pagination\\AbstractPaginator->__call('get', Array)
#3 /Applications/MAMP/htdocs/bookimaki2/vendor/illuminate/container/BoundMethod.php(36): App\\Http\\Controllers\\BookmarkController->index(Object(Laravel\\Lumen\\Http\\Request))
#4 /Applications/MAMP/htdocs/bookimaki2/vendor/illuminate/container/Util.php(40): Illuminate\\Container\\BoundMethod::Illuminate\\Container\\{closure}()
#5 /Applications/MAMP/htdocs/bookimaki2/vendor/illuminate/container/BoundMethod.php(93): Illuminate\\Container\\Util::unwrapIfClosure(Object(Closure))
#6 /Applications/MAMP/htdocs/bookimaki2/vendor/illuminate/container/BoundMethod.php(37): Illuminate\\Container\\BoundMethod::callBoundMethod(Object(Laravel\\Lumen\\Application), Array, Object(Closure))
#7 /Applications/MAMP/htdocs/bookimaki2/vendor/illuminate/container/Container.php(596): Illuminate\\Container\\BoundMethod::call(Object(Laravel\\Lumen\\Application), Array, Array, NULL)
#8 /Applications/MAMP/htdocs/bookimaki2/vendor/laravel/lumen-framework/src/Concerns/RoutesRequests.php(386): Illuminate\\Container\\Container->call(Array, Array)
#9 /Applications/MAMP/htdocs/bookimaki2/vendor/laravel/lumen-framework/src/Concerns/RoutesRequests.php(371): Laravel\\Lumen\\Application->callControllerCallable(Array, Array)
#10 [internal function]: Laravel\\Lumen\\Application->Laravel\\Lumen\\Concerns\\{closure}(Object(Laravel\\Lumen\\Http\\Request))
#11 /Applications/MAMP/htdocs/bookimaki2/vendor/laravel/lumen-framework/src/Routing/Pipeline.php(48): call_user_func(Object(Closure), Object(Laravel\\Lumen\\Http\\Request))
#12 /Applications/MAMP/htdocs/bookimaki2/app/Http/Middleware/Authenticate.php(42): Laravel\\Lumen\\Routing\\Pipeline->Laravel\\Lumen\\Routing\\{closure}(Object(Laravel\\Lumen\\Http\\Request))
#13 /Applications/MAMP/htdocs/bookimaki2/vendor/illuminate/pipeline/Pipeline.php(167): App\\Http\\Middleware\\Authenticate->handle(Object(Laravel\\Lumen\\Http\\Request), Object(Closure))
#14 [internal function]: Illuminate\\Pipeline\\Pipeline->Illuminate\\Pipeline\\{closure}(Object(Laravel\\Lumen\\Http\\Request))
#15 /Applications/MAMP/htdocs/bookimaki2/vendor/laravel/lumen-framework/src/Routing/Pipeline.php(30): call_user_func(Object(Closure), Object(Laravel\\Lumen\\Http\\Request))
#16 /Applications/MAMP/htdocs/bookimaki2/vendor/illuminate/pipeline/Pipeline.php(103): Laravel\\Lumen\\Routing\\Pipeline->Laravel\\Lumen\\Routing\\{closure}(Object(Laravel\\Lumen\\Http\\Request))
#17 /Applications/MAMP/htdocs/bookimaki2/vendor/laravel/lumen-framework/src/Concerns/RoutesRequests.php(423): Illuminate\\Pipeline\\Pipeline->then(Object(Closure))
#18 /Applications/MAMP/htdocs/bookimaki2/vendor/laravel/lumen-framework/src/Concerns/RoutesRequests.php(372): Laravel\\Lumen\\Application->sendThroughPipeline(Array, Object(Closure))
#19 /Applications/MAMP/htdocs/bookimaki2/vendor/laravel/lumen-framework/src/Concerns/RoutesRequests.php(348): Laravel\\Lumen\\Application->callLumenControllerWithMiddleware(Object(App\\Http\\Controllers\\BookmarkController), 'index', Array, Array)
#20 /Applications/MAMP/htdocs/bookimaki2/vendor/laravel/lumen-framework/src/Concerns/RoutesRequests.php(326): Laravel\\Lumen\\Application->callLumenController(Object(App\\Http\\Controllers\\BookmarkController), 'index', Array)
#21 /Applications/MAMP/htdocs/bookimaki2/vendor/laravel/lumen-framework/src/Concerns/RoutesRequests.php(279): Laravel\\Lumen\\Application->callControllerAction(Array)
#22 /Applications/MAMP/htdocs/bookimaki2/vendor/laravel/lumen-framework/src/Concerns/RoutesRequests.php(264): Laravel\\Lumen\\Application->callActionOnArrayBasedRoute(Array)
#23 /Applications/MAMP/htdocs/bookimaki2/vendor/laravel/lumen-framework/src/Concerns/RoutesRequests.php(166): Laravel\\Lumen\\Application->handleFoundRoute(Array)
#24 [internal function]: Laravel\\Lumen\\Application->Laravel\\Lumen\\Concerns\\{closure}(Object(Laravel\\Lumen\\Http\\Request))
#25 /Applications/MAMP/htdocs/bookimaki2/vendor/laravel/lumen-framework/src/Routing/Pipeline.php(48): call_user_func(Object(Closure), Object(Laravel\\Lumen\\Http\\Request))
#26 /Applications/MAMP/htdocs/bookimaki2/app/Http/Middleware/CorsMiddleware.php(34): Laravel\\Lumen\\Routing\\Pipeline->Laravel\\Lumen\\Routing\\{closure}(Object(Laravel\\Lumen\\Http\\Request))
#27 /Applications/MAMP/htdocs/bookimaki2/vendor/illuminate/pipeline/Pipeline.php(167): App\\Http\\Middleware\\CorsMiddleware->handle(Object(Laravel\\Lumen\\Http\\Request), Object(Closure))
#28 [internal function]: Illuminate\\Pipeline\\Pipeline->Illuminate\\Pipeline\\{closure}(Object(Laravel\\Lumen\\Http\\Request))
#29 /Applications/MAMP/htdocs/bookimaki2/vendor/laravel/lumen-framework/src/Routing/Pipeline.php(30): call_user_func(Object(Closure), Object(Laravel\\Lumen\\Http\\Request))
#30 /Applications/MAMP/htdocs/bookimaki2/vendor/illuminate/pipeline/Pipeline.php(103): Laravel\\Lumen\\Routing\\Pipeline->Laravel\\Lumen\\Routing\\{closure}(Object(Laravel\\Lumen\\Http\\Request))
#31 /Applications/MAMP/htdocs/bookimaki2/vendor/laravel/lumen-framework/src/Concerns/RoutesRequests.php(423): Illuminate\\Pipeline\\Pipeline->then(Object(Closure))
#32 /Applications/MAMP/htdocs/bookimaki2/vendor/laravel/lumen-framework/src/Concerns/RoutesRequests.php(172): Laravel\\Lumen\\Application->sendThroughPipeline(Array, Object(Closure))
#33 /Applications/MAMP/htdocs/bookimaki2/vendor/laravel/lumen-framework/src/Concerns/RoutesRequests.php(109): Laravel\\Lumen\\Application->dispatch(NULL)
#34 /Applications/MAMP/htdocs/bookimaki2/public/index.php(28): Laravel\\Lumen\\Application->run()
#35 {main}
"} 
