[2020-10-23 21:21:27] local.ERROR: Presence verifier has not been set. {"exception":"[object] (RuntimeException(code: 0): Presence verifier has not been set. at /Applications/MAMP/htdocs/bookimaki2/vendor/illuminate/validation/Validator.php:1293)
[stacktrace]
#0 /Applications/MAMP/htdocs/bookimaki2/vendor/illuminate/validation/Concerns/ValidatesAttributes.php(728): Illuminate\\Validation\\Validator->getPresenceVerifier(NULL)
#1 /Applications/MAMP/htdocs/bookimaki2/vendor/illuminate/validation/Validator.php(554): Illuminate\\Validation\\Validator->validateUnique('email', 'adam@adam.com', Array, Object(Illuminate\\Validation\\Validator))
#2 /Applications/MAMP/htdocs/bookimaki2/vendor/illuminate/validation/Validator.php(377): Illuminate\\Validation\\Validator->validateAttribute('email', 'Unique')
#3 /Applications/MAMP/htdocs/bookimaki2/vendor/illuminate/validation/Validator.php(408): Illuminate\\Validation\\Validator->passes()
#4 /Applications/MAMP/htdocs/bookimaki2/vendor/laravel/lumen-framework/src/Routing/ProvidesConvenienceMethods.php(67): Illuminate\\Validation\\Validator->fails()
#5 /Applications/MAMP/htdocs/bookimaki2/app/Http/Controllers/AuthController.php(21): Laravel\\Lumen\\Routing\\Controller->validate(Object(Laravel\\Lumen\\Http\\Request), Array)
#6 /Applications/MAMP/htdocs/bookimaki2/vendor/illuminate/container/BoundMethod.php(36): App\\Http\\Controllers\\AuthController->register(Object(Laravel\\Lumen\\Http\\Request))
#7 /Applications/MAMP/htdocs/bookimaki2/vendor/illuminate/container/Util.php(40): Illuminate\\Container\\BoundMethod::Illuminate\\Container\\{closure}()
#8 /Applications/MAMP/htdocs/bookimaki2/vendor/illuminate/container/BoundMethod.php(93): Illuminate\\Container\\Util::unwrapIfClosure(Object(Closure))
#9 /Applications/MAMP/htdocs/bookimaki2/vendor/illuminate/container/BoundMethod.php(37): Illuminate\\Container\\BoundMethod::callBoundMethod(Object(Laravel\\Lumen\\Application), Array, Object(Closure))
#10 /Applications/MAMP/htdocs/bookimaki2/vendor/illuminate/container/Container.php(596): Illuminate\\Container\\BoundMethod::call(Object(Laravel\\Lumen\\Application), Array, Array, NULL)
#11 /Applications/MAMP/htdocs/bookimaki2/vendor/laravel/lumen-framework/src/Concerns/RoutesRequests.php(386): Illuminate\\Container\\Container->call(Array, Array)
#12 /Applications/MAMP/htdocs/bookimaki2/vendor/laravel/lumen-framework/src/Concerns/RoutesRequests.php(352): Laravel\\Lumen\\Application->callControllerCallable(Array, Array)
#13 /Applications/MAMP/htdocs/bookimaki2/vendor/laravel/lumen-framework/src/Concerns/RoutesRequests.php(326): Laravel\\Lumen\\Application->callLumenController(Object(App\\Http\\Controllers\\AuthController), 'register', Array)
#14 /Applications/MAMP/htdocs/bookimaki2/vendor/laravel/lumen-framework/src/Concerns/RoutesRequests.php(279): Laravel\\Lumen\\Application->callControllerAction(Array)
#15 /Applications/MAMP/htdocs/bookimaki2/vendor/laravel/lumen-framework/src/Concerns/RoutesRequests.php(264): Laravel\\Lumen\\Application->callActionOnArrayBasedRoute(Array)
#16 /Applications/MAMP/htdocs/bookimaki2/vendor/laravel/lumen-framework/src/Concerns/RoutesRequests.php(166): Laravel\\Lumen\\Application->handleFoundRoute(Array)
#17 /Applications/MAMP/htdocs/bookimaki2/vendor/laravel/lumen-framework/src/Concerns/RoutesRequests.php(426): Laravel\\Lumen\\Application->Laravel\\Lumen\\Concerns\\{closure}(Object(Laravel\\Lumen\\Http\\Request))
#18 /Applications/MAMP/htdocs/bookimaki2/vendor/laravel/lumen-framework/src/Concerns/RoutesRequests.php(172): Laravel\\Lumen\\Application->sendThroughPipeline(Array, Object(Closure))
#19 /Applications/MAMP/htdocs/bookimaki2/vendor/laravel/lumen-framework/src/Concerns/RoutesRequests.php(109): Laravel\\Lumen\\Application->dispatch(NULL)
#20 /Applications/MAMP/htdocs/bookimaki2/public/index.php(28): Laravel\\Lumen\\Application->run()
#21 {main}
"} 
